33.4537 	DEBUG 	Fullscreen settings ignored as running in pilot mode.
33.4550 	INFO 	Loaded monitor calibration from ['2023_04_13 15:13']
33.7405 	EXP 	Created window1 = Window(allowGUI=False, allowStencil=False, autoLog=True, backendConf=UNKNOWN, backgroundFit=<method-wrapper '__getattribute__' of attributeSetter object at 0x13300a320>, backgroundImage=<method-wrapper '__getattribute__' of attributeSetter object at 0x13300a380>, bitsMode=UNKNOWN, blendMode='avg', bpc=(8, 8, 8), color=array([0, 0, 0]), colorSpace='rgb', depthBits=8, fullscr=False, gamma=None, gammaErrorPolicy='raise', infoMsg=UNKNOWN, lms=UNKNOWN, monitor=<psychopy.monitors.calibTools.Monitor object at 0x132b62110>, multiSample=False, name='window1', numSamples=2, pos=[560.0, 240.0], screen=0, size=array([800, 600]), stencilBits=0, stereo=False, title='PsychoPy', units='height', useFBO=True, useRetina=False, viewOri=0.0, viewPos=None, viewScale=None, waitBlanking=True, winType='pyglet')
33.7406 	EXP 	window1: backgroundImage = ''
33.7406 	EXP 	window1: backgroundFit = 'none'
33.7557 	DEBUG 	TextBox2 loaded 1 chars with 0 blanks and 1 valid
33.7569 	DEBUG 	TextBox2 loaded 1 chars with 0 blanks and 1 valid
33.7580 	DEBUG 	TextBox2 loaded 1 chars with 0 blanks and 1 valid
33.7596 	DEBUG 	TextBox2 loaded 1 chars with 0 blanks and 1 valid
33.7610 	DEBUG 	TextBox2 loaded 1 chars with 0 blanks and 1 valid
33.7617 	DEBUG 	TextBox2 loaded 1 chars with 0 blanks and 1 valid
33.7629 	DEBUG 	TextBox2 loaded 1 chars with 0 blanks and 1 valid
33.7645 	DEBUG 	TextBox2 loaded 1 chars with 0 blanks and 1 valid
33.7649 	DEBUG 	TextBox2 loaded 1 chars with 0 blanks and 1 valid
33.7654 	DEBUG 	TextBox2 loaded 1 chars with 0 blanks and 1 valid
33.7666 	DEBUG 	TextBox2 loaded 1 chars with 0 blanks and 1 valid
33.7678 	DEBUG 	TextBox2 loaded 1 chars with 0 blanks and 1 valid
33.7688 	DEBUG 	TextBox2 loaded 1 chars with 0 blanks and 1 valid
33.7700 	DEBUG 	TextBox2 loaded 1 chars with 0 blanks and 1 valid
33.7710 	DEBUG 	TextBox2 loaded 1 chars with 0 blanks and 1 valid
33.7723 	DEBUG 	TextBox2 loaded 1 chars with 0 blanks and 1 valid
33.7735 	DEBUG 	TextBox2 loaded 1 chars with 0 blanks and 1 valid
33.7742 	DEBUG 	TextBox2 loaded 1 chars with 0 blanks and 1 valid
33.7749 	DEBUG 	TextBox2 loaded 1 chars with 0 blanks and 1 valid
33.7765 	DEBUG 	TextBox2 loaded 1 chars with 0 blanks and 1 valid
33.7772 	DEBUG 	TextBox2 loaded 1 chars with 0 blanks and 1 valid
33.7776 	DEBUG 	Uploading Texture Font fontname to graphics card
33.7807 	DEBUG 	Upload of Texture Font fontname complete
33.7921 	DEBUG 	TextBox2 loaded 1 chars with 0 blanks and 1 valid
33.7937 	DEBUG 	TextBox2 loaded 1 chars with 0 blanks and 1 valid
33.7952 	DEBUG 	TextBox2 loaded 1 chars with 0 blanks and 1 valid
33.7956 	DEBUG 	Uploading Texture Font fontname to graphics card
33.7965 	DEBUG 	Upload of Texture Font fontname complete
33.7995 	EXP 	window1: Attempting to measure frame rate of screen (0) ...
33.7996 	EXP 	window1: recordFrameIntervals = False
34.1925 	EXP 	window1: recordFrameIntervals = True
35.0301 	WARNING 	Couldn't measure a consistent frame rate!
  - Is your graphics card set to sync to vertical blank?
  - Are you running other processes on your computer?

35.0396 	DEBUG 	TextBox2 loaded 1 chars with 0 blanks and 1 valid
35.0409 	DEBUG 	TextBox2 loaded 1 chars with 0 blanks and 1 valid
35.0423 	DEBUG 	TextBox2 loaded 1 chars with 0 blanks and 1 valid
35.0442 	DEBUG 	TextBox2 loaded 1 chars with 0 blanks and 1 valid
35.0459 	DEBUG 	TextBox2 loaded 1 chars with 0 blanks and 1 valid
35.0475 	DEBUG 	TextBox2 loaded 1 chars with 0 blanks and 1 valid
35.0483 	DEBUG 	TextBox2 loaded 1 chars with 0 blanks and 1 valid
35.0497 	DEBUG 	TextBox2 loaded 1 chars with 0 blanks and 1 valid
35.0513 	DEBUG 	TextBox2 loaded 1 chars with 0 blanks and 1 valid
35.0529 	DEBUG 	TextBox2 loaded 1 chars with 0 blanks and 1 valid
35.0534 	DEBUG 	Uploading Texture Font fontname to graphics card
35.0575 	DEBUG 	Upload of Texture Font fontname complete
35.0874 	WARNING 	launchHubServer: If using the iohub mouse or eyetracker devices, fullScr should be True.
39.9055 	INFO 	keyboard.Keyboard is using iohub backend.
39.9056 	INFO 	keyboard.Keyboard is using iohub backend.
39.9057 	EXP 	turtles_categorization: status = STARTED
39.9700 	EXP 	Created text = TextStim(__class__=<class 'psychopy.visual.text.TextStim'>, alignHoriz=method-wrapper(...), alignText='center', alignVert=method-wrapper(...), anchorHoriz='center', anchorVert='center', antialias=True, autoDraw=False, autoLog=True, bold=False, color=array([1., 1., 1.]), colorSpace='rgb', contrast=1.0, depth=-2.0, draggable=False, flipHoriz=False, flipVert=False, font='Arial', fontFiles=[], height=0.05, italic=False, languageStyle='LTR', name='text', opacity=1, ori=0.0, pos=array([0., 0.]), rgb=UNKNOWN, text='Any text\n\nincluding line breaks', units='height', win=Window(...), wrapWidth=1)
0.0239 	EXP 	window1: units = 'pix'
0.0271 	DEPRECATION 	'None' is not a valid color space
0.0296 	EXP 	Created unnamed Pie = Pie(__class__=<class 'psychopy.visual.pie.Pie'>, anchor=('center', 'center'), autoDraw=False, autoLog=True, closeShape=True, color=method-wrapper(...), colorSpace='rgba', contrast=None, depth=0, draggable=False, fillColor=array([  0., 128.,   0.,   1.]), fillColorSpace='rgba', fillRGB=array([  0, 128,   0]), interpolate=True, lineColor=array([0., 0., 0., 0.]), lineColorSpace='rgba', lineRGB=array([0, 0, 0]), lineWidth=1.5, name='unnamed Pie', opacity=1.0, ori=0.0, pos=array([0., 0.]), size=array([1., 1.]), units='pix', vertices=ndarray(...), win=Window(...))
0.0300 	DEPRECATION 	'None' is not a valid color space
0.0326 	EXP 	Created unnamed Pie = Pie(__class__=<class 'psychopy.visual.pie.Pie'>, anchor=('center', 'center'), autoDraw=False, autoLog=True, closeShape=True, color=method-wrapper(...), colorSpace='rgba', contrast=None, depth=0, draggable=False, fillColor=array([255., 192.,   0.,   1.]), fillColorSpace='rgba', fillRGB=array([255, 192,   0]), interpolate=True, lineColor=array([0., 0., 0., 0.]), lineColorSpace='rgba', lineRGB=array([0, 0, 0]), lineWidth=1.5, name='unnamed Pie', opacity=1.0, ori=0.0, pos=array([0., 0.]), size=array([1., 1.]), units='pix', vertices=ndarray(...), win=Window(...))
0.0360 	WARNING 	t of last frame was 32.06ms (=1/31)
0.0541 	INFO 	Keyboard events cleared
0.0535 	EXP 	text: autoDraw = True
2.6821 	DATA 	Keypress: f
2.6854 	WARNING 	t of last frame was 30.79ms (=1/32)
2.6854 	EXP 	text: autoDraw = False
2.6885 	EXP 	turtles_categorization: status = STOPPED
2.6911 	INFO 	saved data to '/Users/seanconway/Research/Categorization_stochastic/experiments/turtles_task_switching/data/654741_turtles_categorization_2025-12-17_17h18.32.150.csv'
2.6916 	INFO 	saved data to /Users/seanconway/Research/Categorization_stochastic/experiments/turtles_task_switching/data/654741_turtles_categorization_2025-12-17_17h18.32.150.psydat
3.3484 	DEBUG 	Saving data for turtles_categorization ExperimentHandler
