33.1368 	DEBUG 	Fullscreen settings ignored as running in pilot mode.
33.1382 	INFO 	Loaded monitor calibration from ['2023_04_13 15:13']
33.4499 	EXP 	Created window1 = Window(allowGUI=False, allowStencil=False, autoLog=True, backendConf=UNKNOWN, backgroundFit=<method-wrapper '__getattribute__' of attributeSetter object at 0x136c5ac50>, backgroundImage=<method-wrapper '__getattribute__' of attributeSetter object at 0x136c5acb0>, bitsMode=UNKNOWN, blendMode='avg', bpc=(8, 8, 8), color=array([0, 0, 0]), colorSpace='rgb', depthBits=8, fullscr=False, gamma=None, gammaErrorPolicy='raise', infoMsg=UNKNOWN, lms=UNKNOWN, monitor=<psychopy.monitors.calibTools.Monitor object at 0x136bd53c0>, multiSample=False, name='window1', numSamples=2, pos=[560.0, 240.0], screen=0, size=array([800, 600]), stencilBits=0, stereo=False, title='PsychoPy', units='height', useFBO=True, useRetina=False, viewOri=0.0, viewPos=None, viewScale=None, waitBlanking=True, winType='pyglet')
33.4500 	EXP 	window1: backgroundImage = ''
33.4500 	EXP 	window1: backgroundFit = 'none'
33.4735 	DEBUG 	TextBox2 loaded 1 chars with 0 blanks and 1 valid
33.4747 	DEBUG 	TextBox2 loaded 1 chars with 0 blanks and 1 valid
33.4759 	DEBUG 	TextBox2 loaded 1 chars with 0 blanks and 1 valid
33.4775 	DEBUG 	TextBox2 loaded 1 chars with 0 blanks and 1 valid
33.4789 	DEBUG 	TextBox2 loaded 1 chars with 0 blanks and 1 valid
33.4797 	DEBUG 	TextBox2 loaded 1 chars with 0 blanks and 1 valid
33.4809 	DEBUG 	TextBox2 loaded 1 chars with 0 blanks and 1 valid
33.4825 	DEBUG 	TextBox2 loaded 1 chars with 0 blanks and 1 valid
33.4830 	DEBUG 	TextBox2 loaded 1 chars with 0 blanks and 1 valid
33.4835 	DEBUG 	TextBox2 loaded 1 chars with 0 blanks and 1 valid
33.4848 	DEBUG 	TextBox2 loaded 1 chars with 0 blanks and 1 valid
33.4860 	DEBUG 	TextBox2 loaded 1 chars with 0 blanks and 1 valid
33.4870 	DEBUG 	TextBox2 loaded 1 chars with 0 blanks and 1 valid
33.4882 	DEBUG 	TextBox2 loaded 1 chars with 0 blanks and 1 valid
33.4892 	DEBUG 	TextBox2 loaded 1 chars with 0 blanks and 1 valid
33.4904 	DEBUG 	TextBox2 loaded 1 chars with 0 blanks and 1 valid
33.4916 	DEBUG 	TextBox2 loaded 1 chars with 0 blanks and 1 valid
33.4923 	DEBUG 	TextBox2 loaded 1 chars with 0 blanks and 1 valid
33.4930 	DEBUG 	TextBox2 loaded 1 chars with 0 blanks and 1 valid
33.4946 	DEBUG 	TextBox2 loaded 1 chars with 0 blanks and 1 valid
33.4954 	DEBUG 	TextBox2 loaded 1 chars with 0 blanks and 1 valid
33.4965 	DEBUG 	Uploading Texture Font fontname to graphics card
33.4998 	DEBUG 	Upload of Texture Font fontname complete
33.5108 	DEBUG 	TextBox2 loaded 1 chars with 0 blanks and 1 valid
33.5125 	DEBUG 	TextBox2 loaded 1 chars with 0 blanks and 1 valid
33.5140 	DEBUG 	TextBox2 loaded 1 chars with 0 blanks and 1 valid
33.5144 	DEBUG 	Uploading Texture Font fontname to graphics card
33.5150 	DEBUG 	Upload of Texture Font fontname complete
33.5179 	EXP 	window1: Attempting to measure frame rate of screen (0) ...
33.5180 	EXP 	window1: recordFrameIntervals = False
34.0517 	EXP 	window1: recordFrameIntervals = True
34.2427 	WARNING 	t of last frame was 24.03ms (=1/41)
34.9020 	WARNING 	Couldn't measure a consistent frame rate!
  - Is your graphics card set to sync to vertical blank?
  - Are you running other processes on your computer?

34.9117 	DEBUG 	TextBox2 loaded 1 chars with 0 blanks and 1 valid
34.9124 	DEBUG 	TextBox2 loaded 1 chars with 0 blanks and 1 valid
34.9138 	DEBUG 	TextBox2 loaded 1 chars with 0 blanks and 1 valid
34.9155 	DEBUG 	TextBox2 loaded 1 chars with 0 blanks and 1 valid
34.9171 	DEBUG 	TextBox2 loaded 1 chars with 0 blanks and 1 valid
34.9188 	DEBUG 	TextBox2 loaded 1 chars with 0 blanks and 1 valid
34.9196 	DEBUG 	TextBox2 loaded 1 chars with 0 blanks and 1 valid
34.9210 	DEBUG 	TextBox2 loaded 1 chars with 0 blanks and 1 valid
34.9226 	DEBUG 	TextBox2 loaded 1 chars with 0 blanks and 1 valid
34.9241 	DEBUG 	TextBox2 loaded 1 chars with 0 blanks and 1 valid
34.9245 	DEBUG 	Uploading Texture Font fontname to graphics card
34.9278 	DEBUG 	Upload of Texture Font fontname complete
34.9587 	WARNING 	launchHubServer: If using the iohub mouse or eyetracker devices, fullScr should be True.
39.6930 	INFO 	keyboard.Keyboard is using iohub backend.
39.6932 	INFO 	keyboard.Keyboard is using iohub backend.
39.6932 	EXP 	turtles_categorization: status = STARTED
39.6967 	EXP 	window1: units = 'px'
39.7201 	DEBUG 	Saving data for turtles_categorization ExperimentHandler
39.7220 	INFO 	saved data to /Users/seanconway/Research/Categorization_stochastic/experiments/turtles_task_switching/data/760204_turtles_categorization_2025-12-17_16h51.43.792.psydat
39.7225 	INFO 	saved data to '/Users/seanconway/Research/Categorization_stochastic/experiments/turtles_task_switching/data/760204_turtles_categorization_2025-12-17_16h51.43.792.csv'
