29.8227 	DEBUG 	Fullscreen settings ignored as running in pilot mode.
29.8239 	INFO 	Loaded monitor calibration from ['2023_04_13 15:13']
30.0772 	INFO 	Using renderer 'Intel(R) Iris(TM) Plus Graphics 655' for graphics
30.0772 	INFO 	OpenGL version supported by driver is 2..
30.1072 	EXP 	Created window1 = Window(allowGUI=False, allowStencil=False, autoLog=True, backendConf=UNKNOWN, backgroundFit=<method-wrapper '__getattribute__' of attributeSetter object at 0x13ee20b20>, backgroundImage=<method-wrapper '__getattribute__' of attributeSetter object at 0x13ee20ac0>, bitsMode=UNKNOWN, blendMode='avg', bpc=(8, 8, 8), color=array([0, 0, 0]), colorSpace='rgb', depthBits=8, fullscr=False, gamma=None, gammaErrorPolicy='raise', infoMsg=UNKNOWN, lms=UNKNOWN, monitor=<psychopy.monitors.calibTools.Monitor object at 0x13ef8b070>, multiSample=False, name='window1', numSamples=2, pos=[np.float64(320.0), np.float64(150.0)], screen=0, size=array([1600, 1200]), stencilBits=0, stereo=False, title='PsychoPy', units='height', useFBO=True, useRetina=True, viewOri=0.0, viewPos=None, viewScale=None, waitBlanking=True, winType='pyglet')
30.1073 	EXP 	window1: backgroundImage = ''
30.1073 	EXP 	window1: backgroundFit = 'none'
30.1695 	DEBUG 	TextBox2 loaded 1 chars with 0 blanks and 1 valid
30.1912 	DEBUG 	TextBox2 loaded 1 chars with 0 blanks and 1 valid
30.2126 	DEBUG 	TextBox2 loaded 1 chars with 0 blanks and 1 valid
30.2312 	DEBUG 	TextBox2 loaded 1 chars with 0 blanks and 1 valid
30.2496 	DEBUG 	TextBox2 loaded 1 chars with 0 blanks and 1 valid
30.2670 	DEBUG 	TextBox2 loaded 1 chars with 0 blanks and 1 valid
30.2850 	DEBUG 	TextBox2 loaded 1 chars with 0 blanks and 1 valid
30.3032 	DEBUG 	TextBox2 loaded 1 chars with 0 blanks and 1 valid
30.3203 	DEBUG 	TextBox2 loaded 1 chars with 0 blanks and 1 valid
30.3375 	DEBUG 	TextBox2 loaded 1 chars with 0 blanks and 1 valid
30.3554 	DEBUG 	TextBox2 loaded 1 chars with 0 blanks and 1 valid
30.3732 	DEBUG 	TextBox2 loaded 1 chars with 0 blanks and 1 valid
30.3910 	DEBUG 	TextBox2 loaded 1 chars with 0 blanks and 1 valid
30.4090 	DEBUG 	TextBox2 loaded 1 chars with 0 blanks and 1 valid
30.4267 	DEBUG 	TextBox2 loaded 1 chars with 0 blanks and 1 valid
30.4446 	DEBUG 	TextBox2 loaded 1 chars with 0 blanks and 1 valid
30.4625 	DEBUG 	TextBox2 loaded 1 chars with 0 blanks and 1 valid
30.4800 	DEBUG 	TextBox2 loaded 1 chars with 0 blanks and 1 valid
30.4977 	DEBUG 	TextBox2 loaded 1 chars with 0 blanks and 1 valid
30.5162 	DEBUG 	TextBox2 loaded 1 chars with 0 blanks and 1 valid
30.5351 	DEBUG 	TextBox2 loaded 1 chars with 0 blanks and 1 valid
30.5383 	DEBUG 	Uploading Texture Font fontname to graphics card
30.5414 	DEBUG 	Upload of Texture Font fontname complete
30.5690 	DEBUG 	TextBox2 loaded 1 chars with 0 blanks and 1 valid
30.5875 	DEBUG 	TextBox2 loaded 1 chars with 0 blanks and 1 valid
30.6059 	DEBUG 	TextBox2 loaded 1 chars with 0 blanks and 1 valid
30.6064 	DEBUG 	Uploading Texture Font fontname to graphics card
30.6074 	DEBUG 	Upload of Texture Font fontname complete
30.6102 	EXP 	window1: Attempting to measure frame rate of screen (0) ...
30.6102 	EXP 	window1: recordFrameIntervals = False
31.0808 	EXP 	window1: recordFrameIntervals = True
31.1715 	EXP 	Screen (0) actual frame rate measured at 121.36Hz
31.1716 	EXP 	window1: recordFrameIntervals = False
31.1973 	DEBUG 	TextBox2 loaded 1 chars with 0 blanks and 1 valid
31.2151 	DEBUG 	TextBox2 loaded 1 chars with 0 blanks and 1 valid
31.2333 	DEBUG 	TextBox2 loaded 1 chars with 0 blanks and 1 valid
31.2518 	DEBUG 	TextBox2 loaded 1 chars with 0 blanks and 1 valid
31.2700 	DEBUG 	TextBox2 loaded 1 chars with 0 blanks and 1 valid
31.2882 	DEBUG 	TextBox2 loaded 1 chars with 0 blanks and 1 valid
31.3056 	DEBUG 	TextBox2 loaded 1 chars with 0 blanks and 1 valid
31.3237 	DEBUG 	TextBox2 loaded 1 chars with 0 blanks and 1 valid
31.3418 	DEBUG 	TextBox2 loaded 1 chars with 0 blanks and 1 valid
31.3598 	DEBUG 	TextBox2 loaded 1 chars with 0 blanks and 1 valid
31.3603 	DEBUG 	Uploading Texture Font fontname to graphics card
31.3640 	DEBUG 	Upload of Texture Font fontname complete
31.4285 	WARNING 	launchHubServer: If using the iohub mouse or eyetracker devices, fullScr should be True.
35.5223 	INFO 	keyboard.Keyboard is using iohub backend.
35.5224 	EXP 	turtles_categorization: status = STARTED
1.0000 	EXP 	window1: units = 'pix'
1.0404 	EXP 	Created unnamed Circle = Circle(__class__=<class 'psychopy.visual.circle.Circle'>, anchor=('center', 'center'), autoDraw=False, autoLog=True, closeShape=True, color=method-wrapper(...), colorSpace='rgb', contrast=None, depth=0, draggable=False, fillColor=array([-0.5,  0.5, -0.5]), fillColorSpace='rgb', fillRGB=array([-0.5,  0.5, -0.5]), interpolate=True, lineColor=array([-0.5,  0.5, -0.5]), lineColorSpace='rgb', lineRGB=array([-0.5,  0.5, -0.5]), lineWidth=1.5, name='unnamed Circle', opacity=1, ori=0.0, pos=array([0., 0.]), size=array([1., 1.]), units='pix', vertices=ndarray(...), win=Window(...), windingRule=None)
4.4632 	DATA 	Keypress: f
5.4052 	DATA 	Keypress: f
6.2732 	DEBUG 	Saving data for turtles_categorization ExperimentHandler
6.2754 	INFO 	saved data to /Users/seanconway/Research/Categorization_stochastic/experiments/turtles_task_switching/data/pilot_turtles_categorization_2025-12-19_12h59.28.899.psydat
6.2758 	INFO 	saved data to '/Users/seanconway/Research/Categorization_stochastic/experiments/turtles_task_switching/data/pilot_turtles_categorization_2025-12-19_12h59.28.899.csv'
