31.0573 	DEBUG 	Fullscreen settings ignored as running in pilot mode.
31.0582 	INFO 	Loaded monitor calibration from ['2023_04_13 15:13']
31.2890 	INFO 	Using renderer 'Intel(R) Iris(TM) Plus Graphics 655' for graphics
31.2891 	INFO 	OpenGL version supported by driver is 2..
31.3096 	EXP 	Created window1 = Window(allowGUI=False, allowStencil=False, autoLog=True, backendConf=UNKNOWN, backgroundFit=<method-wrapper '__getattribute__' of attributeSetter object at 0x13f8b2e60>, backgroundImage=<method-wrapper '__getattribute__' of attributeSetter object at 0x13f8b2e00>, bitsMode=UNKNOWN, blendMode='avg', bpc=(8, 8, 8), color=array([0, 0, 0]), colorSpace='rgb', depthBits=8, fullscr=False, gamma=None, gammaErrorPolicy='raise', infoMsg=UNKNOWN, lms=UNKNOWN, monitor=<psychopy.monitors.calibTools.Monitor object at 0x13fa37880>, multiSample=False, name='window1', numSamples=2, pos=[np.float64(560.0), np.float64(240.0)], screen=0, size=array([800, 600]), stencilBits=0, stereo=False, title='PsychoPy', units='height', useFBO=True, useRetina=False, viewOri=0.0, viewPos=None, viewScale=None, waitBlanking=True, winType='pyglet')
31.3097 	EXP 	window1: backgroundImage = ''
31.3097 	EXP 	window1: backgroundFit = 'none'
31.3441 	DEBUG 	TextBox2 loaded 1 chars with 0 blanks and 1 valid
31.3639 	DEBUG 	TextBox2 loaded 1 chars with 0 blanks and 1 valid
31.3819 	DEBUG 	TextBox2 loaded 1 chars with 0 blanks and 1 valid
31.4001 	DEBUG 	TextBox2 loaded 1 chars with 0 blanks and 1 valid
31.4186 	DEBUG 	TextBox2 loaded 1 chars with 0 blanks and 1 valid
31.4364 	DEBUG 	TextBox2 loaded 1 chars with 0 blanks and 1 valid
31.4546 	DEBUG 	TextBox2 loaded 1 chars with 0 blanks and 1 valid
31.4732 	DEBUG 	TextBox2 loaded 1 chars with 0 blanks and 1 valid
31.4908 	DEBUG 	TextBox2 loaded 1 chars with 0 blanks and 1 valid
31.5084 	DEBUG 	TextBox2 loaded 1 chars with 0 blanks and 1 valid
31.5265 	DEBUG 	TextBox2 loaded 1 chars with 0 blanks and 1 valid
31.5447 	DEBUG 	TextBox2 loaded 1 chars with 0 blanks and 1 valid
31.5632 	DEBUG 	TextBox2 loaded 1 chars with 0 blanks and 1 valid
31.5817 	DEBUG 	TextBox2 loaded 1 chars with 0 blanks and 1 valid
31.5998 	DEBUG 	TextBox2 loaded 1 chars with 0 blanks and 1 valid
31.6183 	DEBUG 	TextBox2 loaded 1 chars with 0 blanks and 1 valid
31.6366 	DEBUG 	TextBox2 loaded 1 chars with 0 blanks and 1 valid
31.6543 	DEBUG 	TextBox2 loaded 1 chars with 0 blanks and 1 valid
31.6717 	DEBUG 	TextBox2 loaded 1 chars with 0 blanks and 1 valid
31.6901 	DEBUG 	TextBox2 loaded 1 chars with 0 blanks and 1 valid
31.7074 	DEBUG 	TextBox2 loaded 1 chars with 0 blanks and 1 valid
31.7079 	DEBUG 	Uploading Texture Font fontname to graphics card
31.7109 	DEBUG 	Upload of Texture Font fontname complete
31.7379 	DEBUG 	TextBox2 loaded 1 chars with 0 blanks and 1 valid
31.7561 	DEBUG 	TextBox2 loaded 1 chars with 0 blanks and 1 valid
31.7742 	DEBUG 	TextBox2 loaded 1 chars with 0 blanks and 1 valid
31.7746 	DEBUG 	Uploading Texture Font fontname to graphics card
31.7752 	DEBUG 	Upload of Texture Font fontname complete
31.7780 	EXP 	window1: Attempting to measure frame rate of screen (0) ...
31.7781 	EXP 	window1: recordFrameIntervals = False
32.1602 	EXP 	window1: recordFrameIntervals = True
32.2270 	WARNING 	t of last frame was 28.78ms (=1/34)
32.3068 	EXP 	Screen (0) actual frame rate measured at 215.80Hz
32.3068 	EXP 	window1: recordFrameIntervals = False
32.3334 	DEBUG 	TextBox2 loaded 1 chars with 0 blanks and 1 valid
32.3519 	DEBUG 	TextBox2 loaded 1 chars with 0 blanks and 1 valid
32.3722 	DEBUG 	TextBox2 loaded 1 chars with 0 blanks and 1 valid
32.3929 	DEBUG 	TextBox2 loaded 1 chars with 0 blanks and 1 valid
32.4129 	DEBUG 	TextBox2 loaded 1 chars with 0 blanks and 1 valid
32.4327 	DEBUG 	TextBox2 loaded 1 chars with 0 blanks and 1 valid
32.4513 	DEBUG 	TextBox2 loaded 1 chars with 0 blanks and 1 valid
32.4711 	DEBUG 	TextBox2 loaded 1 chars with 0 blanks and 1 valid
32.4911 	DEBUG 	TextBox2 loaded 1 chars with 0 blanks and 1 valid
32.5108 	DEBUG 	TextBox2 loaded 1 chars with 0 blanks and 1 valid
32.5113 	DEBUG 	Uploading Texture Font fontname to graphics card
32.5149 	DEBUG 	Upload of Texture Font fontname complete
32.5701 	WARNING 	launchHubServer: If using the iohub mouse or eyetracker devices, fullScr should be True.
36.1230 	INFO 	keyboard.Keyboard is using iohub backend.
36.1230 	EXP 	turtles_categorization: status = STARTED
36.1314 	EXP 	Created radius = ShapeStim(__class__=<class 'psychopy.visual.shape.ShapeStim'>, anchor=('center', 'center'), autoDraw=False, autoLog=True, closeShape=True, color=method-wrapper(...), colorSpace='rgb', contrast=None, depth=-2.0, draggable=False, fillColor=array([0.7412, 0.4431, 0.0588]), fillColorSpace='rgb', fillRGB=array([0.7412, 0.4431, 0.0588]), interpolate=True, lineColor=array([-1.    , -1.    ,  0.0039]), lineColorSpace='rgb', lineRGB=array([-1.    , -1.    ,  0.0039]), lineWidth=1.0, name='radius', opacity=1.0, ori=0.0, pos=array([0., 0.]), size=array([0.5, 0.5]), units='height', vertices=ndarray(...), win=Window(...), windingRule=None)
0.0369 	DATA 	Mouse: Left button down, pos=(556,141)
0.0376 	DATA 	Mouse:  Left button up, pos=(556,141)
0.2395 	DEBUG 	Saving data for turtles_categorization ExperimentHandler
0.2401 	INFO 	saved data to /Users/seanconway/Research/Categorization_stochastic/experiments/turtles_task_switching/data/pilot_turtles_categorization_2026-01-05_13h49.59.389.psydat
0.2406 	INFO 	saved data to '/Users/seanconway/Research/Categorization_stochastic/experiments/turtles_task_switching/data/pilot_turtles_categorization_2026-01-05_13h49.59.389.csv'
