29.7906 	DEBUG 	Fullscreen settings ignored as running in pilot mode.
29.7915 	INFO 	Loaded monitor calibration from ['2023_04_13 15:13']
30.0246 	INFO 	Using renderer 'Intel(R) Iris(TM) Plus Graphics 655' for graphics
30.0246 	INFO 	OpenGL version supported by driver is 2..
30.0450 	EXP 	Created window1 = Window(allowGUI=False, allowStencil=False, autoLog=True, backendConf=UNKNOWN, backgroundFit=<method-wrapper '__getattribute__' of attributeSetter object at 0x13e8148b0>, backgroundImage=<method-wrapper '__getattribute__' of attributeSetter object at 0x13e814940>, bitsMode=UNKNOWN, blendMode='avg', bpc=(8, 8, 8), color=array([0, 0, 0]), colorSpace='rgb', depthBits=8, fullscr=False, gamma=None, gammaErrorPolicy='raise', infoMsg=UNKNOWN, lms=UNKNOWN, monitor=<psychopy.monitors.calibTools.Monitor object at 0x13e7caf20>, multiSample=False, name='window1', numSamples=2, pos=[np.float64(320.0), np.float64(150.0)], screen=0, size=array([1600, 1200]), stencilBits=0, stereo=False, title='PsychoPy', units='height', useFBO=True, useRetina=True, viewOri=0.0, viewPos=None, viewScale=None, waitBlanking=True, winType='pyglet')
30.0451 	EXP 	window1: backgroundImage = ''
30.0451 	EXP 	window1: backgroundFit = 'none'
30.0765 	DEBUG 	TextBox2 loaded 1 chars with 0 blanks and 1 valid
30.0945 	DEBUG 	TextBox2 loaded 1 chars with 0 blanks and 1 valid
30.1124 	DEBUG 	TextBox2 loaded 1 chars with 0 blanks and 1 valid
30.1306 	DEBUG 	TextBox2 loaded 1 chars with 0 blanks and 1 valid
30.1488 	DEBUG 	TextBox2 loaded 1 chars with 0 blanks and 1 valid
30.1663 	DEBUG 	TextBox2 loaded 1 chars with 0 blanks and 1 valid
30.1842 	DEBUG 	TextBox2 loaded 1 chars with 0 blanks and 1 valid
30.2023 	DEBUG 	TextBox2 loaded 1 chars with 0 blanks and 1 valid
30.2193 	DEBUG 	TextBox2 loaded 1 chars with 0 blanks and 1 valid
30.2365 	DEBUG 	TextBox2 loaded 1 chars with 0 blanks and 1 valid
30.2544 	DEBUG 	TextBox2 loaded 1 chars with 0 blanks and 1 valid
30.2723 	DEBUG 	TextBox2 loaded 1 chars with 0 blanks and 1 valid
30.2900 	DEBUG 	TextBox2 loaded 1 chars with 0 blanks and 1 valid
30.3078 	DEBUG 	TextBox2 loaded 1 chars with 0 blanks and 1 valid
30.3254 	DEBUG 	TextBox2 loaded 1 chars with 0 blanks and 1 valid
30.3432 	DEBUG 	TextBox2 loaded 1 chars with 0 blanks and 1 valid
30.3610 	DEBUG 	TextBox2 loaded 1 chars with 0 blanks and 1 valid
30.3783 	DEBUG 	TextBox2 loaded 1 chars with 0 blanks and 1 valid
30.3956 	DEBUG 	TextBox2 loaded 1 chars with 0 blanks and 1 valid
30.4138 	DEBUG 	TextBox2 loaded 1 chars with 0 blanks and 1 valid
30.4311 	DEBUG 	TextBox2 loaded 1 chars with 0 blanks and 1 valid
30.4316 	DEBUG 	Uploading Texture Font fontname to graphics card
30.4351 	DEBUG 	Upload of Texture Font fontname complete
30.4631 	DEBUG 	TextBox2 loaded 1 chars with 0 blanks and 1 valid
30.4815 	DEBUG 	TextBox2 loaded 1 chars with 0 blanks and 1 valid
30.4996 	DEBUG 	TextBox2 loaded 1 chars with 0 blanks and 1 valid
30.5001 	DEBUG 	Uploading Texture Font fontname to graphics card
30.5012 	DEBUG 	Upload of Texture Font fontname complete
30.5041 	EXP 	window1: Attempting to measure frame rate of screen (0) ...
30.5041 	EXP 	window1: recordFrameIntervals = False
30.9301 	EXP 	window1: recordFrameIntervals = True
31.7219 	EXP 	Screen (0) actual frame rate measured at 121.14Hz
31.7219 	EXP 	window1: recordFrameIntervals = False
31.7485 	DEBUG 	TextBox2 loaded 1 chars with 0 blanks and 1 valid
31.7664 	DEBUG 	TextBox2 loaded 1 chars with 0 blanks and 1 valid
31.7844 	DEBUG 	TextBox2 loaded 1 chars with 0 blanks and 1 valid
31.8027 	DEBUG 	TextBox2 loaded 1 chars with 0 blanks and 1 valid
31.8213 	DEBUG 	TextBox2 loaded 1 chars with 0 blanks and 1 valid
31.8398 	DEBUG 	TextBox2 loaded 1 chars with 0 blanks and 1 valid
31.8575 	DEBUG 	TextBox2 loaded 1 chars with 0 blanks and 1 valid
31.8755 	DEBUG 	TextBox2 loaded 1 chars with 0 blanks and 1 valid
31.8938 	DEBUG 	TextBox2 loaded 1 chars with 0 blanks and 1 valid
31.9120 	DEBUG 	TextBox2 loaded 1 chars with 0 blanks and 1 valid
31.9125 	DEBUG 	Uploading Texture Font fontname to graphics card
31.9159 	DEBUG 	Upload of Texture Font fontname complete
31.9693 	WARNING 	launchHubServer: If using the iohub mouse or eyetracker devices, fullScr should be True.
34.8840 	INFO 	keyboard.Keyboard is using iohub backend.
34.8841 	EXP 	turtles_categorization: status = STARTED
0.0612 	EXP 	Created unnamed Circle = Circle(__class__=<class 'psychopy.visual.circle.Circle'>, anchor=('center', 'center'), autoDraw=False, autoLog=True, closeShape=True, color=method-wrapper(...), colorSpace='rgb', contrast=None, depth=0, draggable=False, fillColor=array([-0.5,  0.5, -0.5]), fillColorSpace='rgb', fillRGB=array([-0.5,  0.5, -0.5]), interpolate=True, lineColor=array([-0.5,  0.5, -0.5]), lineColorSpace='rgb', lineRGB=array([-0.5,  0.5, -0.5]), lineWidth=1.5, name='unnamed Circle', opacity=1, ori=0.0, pos=array([0., 0.]), size=array([1., 1.]), units='height', vertices=ndarray(...), win=Window(...), windingRule=None)
0.0754 	INFO 	Keyboard events cleared
2.0168 	EXP 	turtles_categorization: status = STOPPED
2.0190 	INFO 	saved data to '/Users/seanconway/Research/Categorization_stochastic/experiments/turtles_task_switching/data/pilot_turtles_categorization_2025-12-18_09h24.11.081.csv'
2.0195 	INFO 	saved data to /Users/seanconway/Research/Categorization_stochastic/experiments/turtles_task_switching/data/pilot_turtles_categorization_2025-12-18_09h24.11.081.psydat
2.2644 	DEBUG 	Saving data for turtles_categorization ExperimentHandler
