61.4875 	DEBUG 	Fullscreen settings ignored as running in pilot mode.
61.4888 	INFO 	Loaded monitor calibration from ['2023_04_13 15:13']
61.7200 	INFO 	Using renderer 'Intel(R) Iris(TM) Plus Graphics 655' for graphics
61.7200 	INFO 	OpenGL version supported by driver is 2..
61.7404 	EXP 	Created window1 = Window(allowGUI=False, allowStencil=False, autoLog=True, backendConf=UNKNOWN, backgroundFit=<method-wrapper '__getattribute__' of attributeSetter object at 0x13a7360e0>, backgroundImage=<method-wrapper '__getattribute__' of attributeSetter object at 0x13a736140>, bitsMode=UNKNOWN, blendMode='avg', bpc=(8, 8, 8), color=array([0, 0, 0]), colorSpace='rgb', depthBits=8, fullscr=False, gamma=None, gammaErrorPolicy='raise', infoMsg=UNKNOWN, lms=UNKNOWN, monitor=<psychopy.monitors.calibTools.Monitor object at 0x13a8386a0>, multiSample=False, name='window1', numSamples=2, pos=[np.float64(560.0), np.float64(240.0)], screen=0, size=array([800, 600]), stencilBits=0, stereo=False, title='PsychoPy', units='height', useFBO=True, useRetina=False, viewOri=0.0, viewPos=None, viewScale=None, waitBlanking=True, winType='pyglet')
61.7404 	EXP 	window1: backgroundImage = ''
61.7405 	EXP 	window1: backgroundFit = 'none'
61.7753 	DEBUG 	TextBox2 loaded 1 chars with 0 blanks and 1 valid
61.7931 	DEBUG 	TextBox2 loaded 1 chars with 0 blanks and 1 valid
61.8108 	DEBUG 	TextBox2 loaded 1 chars with 0 blanks and 1 valid
61.8288 	DEBUG 	TextBox2 loaded 1 chars with 0 blanks and 1 valid
61.8468 	DEBUG 	TextBox2 loaded 1 chars with 0 blanks and 1 valid
61.8640 	DEBUG 	TextBox2 loaded 1 chars with 0 blanks and 1 valid
61.8816 	DEBUG 	TextBox2 loaded 1 chars with 0 blanks and 1 valid
61.8996 	DEBUG 	TextBox2 loaded 1 chars with 0 blanks and 1 valid
61.9166 	DEBUG 	TextBox2 loaded 1 chars with 0 blanks and 1 valid
61.9336 	DEBUG 	TextBox2 loaded 1 chars with 0 blanks and 1 valid
61.9513 	DEBUG 	TextBox2 loaded 1 chars with 0 blanks and 1 valid
61.9690 	DEBUG 	TextBox2 loaded 1 chars with 0 blanks and 1 valid
61.9870 	DEBUG 	TextBox2 loaded 1 chars with 0 blanks and 1 valid
62.0051 	DEBUG 	TextBox2 loaded 1 chars with 0 blanks and 1 valid
62.0228 	DEBUG 	TextBox2 loaded 1 chars with 0 blanks and 1 valid
62.0405 	DEBUG 	TextBox2 loaded 1 chars with 0 blanks and 1 valid
62.0582 	DEBUG 	TextBox2 loaded 1 chars with 0 blanks and 1 valid
62.0754 	DEBUG 	TextBox2 loaded 1 chars with 0 blanks and 1 valid
62.0927 	DEBUG 	TextBox2 loaded 1 chars with 0 blanks and 1 valid
62.1109 	DEBUG 	TextBox2 loaded 1 chars with 0 blanks and 1 valid
62.1280 	DEBUG 	TextBox2 loaded 1 chars with 0 blanks and 1 valid
62.1285 	DEBUG 	Uploading Texture Font fontname to graphics card
62.1314 	DEBUG 	Upload of Texture Font fontname complete
62.1581 	DEBUG 	TextBox2 loaded 1 chars with 0 blanks and 1 valid
62.1762 	DEBUG 	TextBox2 loaded 1 chars with 0 blanks and 1 valid
62.1941 	DEBUG 	TextBox2 loaded 1 chars with 0 blanks and 1 valid
62.1945 	DEBUG 	Uploading Texture Font fontname to graphics card
62.1951 	DEBUG 	Upload of Texture Font fontname complete
62.1979 	EXP 	window1: Attempting to measure frame rate of screen (0) ...
62.1979 	EXP 	window1: recordFrameIntervals = False
62.5827 	EXP 	window1: recordFrameIntervals = True
62.8050 	WARNING 	t of last frame was 22.20ms (=1/45)
63.4331 	WARNING 	Couldn't measure a consistent frame rate!
  - Is your graphics card set to sync to vertical blank?
  - Are you running other processes on your computer?

63.4608 	DEBUG 	TextBox2 loaded 1 chars with 0 blanks and 1 valid
63.4788 	DEBUG 	TextBox2 loaded 1 chars with 0 blanks and 1 valid
63.4967 	DEBUG 	TextBox2 loaded 1 chars with 0 blanks and 1 valid
63.5149 	DEBUG 	TextBox2 loaded 1 chars with 0 blanks and 1 valid
63.5331 	DEBUG 	TextBox2 loaded 1 chars with 0 blanks and 1 valid
63.5512 	DEBUG 	TextBox2 loaded 1 chars with 0 blanks and 1 valid
63.5686 	DEBUG 	TextBox2 loaded 1 chars with 0 blanks and 1 valid
63.5866 	DEBUG 	TextBox2 loaded 1 chars with 0 blanks and 1 valid
63.6048 	DEBUG 	TextBox2 loaded 1 chars with 0 blanks and 1 valid
63.6229 	DEBUG 	TextBox2 loaded 1 chars with 0 blanks and 1 valid
63.6234 	DEBUG 	Uploading Texture Font fontname to graphics card
63.6268 	DEBUG 	Upload of Texture Font fontname complete
63.6828 	WARNING 	launchHubServer: If using the iohub mouse or eyetracker devices, fullScr should be True.
67.0576 	INFO 	keyboard.Keyboard is using iohub backend.
67.0577 	EXP 	turtles_categorization: status = STARTED
67.0665 	EXP 	Created radius = ShapeStim(__class__=<class 'psychopy.visual.shape.ShapeStim'>, anchor=('center', 'center'), autoDraw=False, autoLog=True, closeShape=True, color=method-wrapper(...), colorSpace='rgb', contrast=None, depth=-2.0, draggable=False, fillColor=array([0.7412, 0.4431, 0.0588]), fillColorSpace='rgb', fillRGB=array([0.7412, 0.4431, 0.0588]), interpolate=True, lineColor=array([-1.    , -1.    ,  0.0039]), lineColorSpace='rgb', lineRGB=array([-1.    , -1.    ,  0.0039]), lineWidth=1.0, name='radius', opacity=1.0, ori=0.0, pos=array([0., 0.]), size=array([0.5, 0.5]), units='height', vertices=ndarray(...), win=Window(...), windingRule=None)
0.3652 	DEBUG 	Saving data for turtles_categorization ExperimentHandler
0.3671 	INFO 	saved data to /Users/seanconway/Research/Categorization_stochastic/experiments/turtles_task_switching/data/pilot_turtles_categorization_2026-01-05_14h27.56.185.psydat
0.3676 	INFO 	saved data to '/Users/seanconway/Research/Categorization_stochastic/experiments/turtles_task_switching/data/pilot_turtles_categorization_2026-01-05_14h27.56.185.csv'
