29.3476 	DEBUG 	Fullscreen settings ignored as running in pilot mode.
29.3489 	INFO 	Loaded monitor calibration from ['2023_04_13 15:13']
29.5963 	INFO 	Using renderer 'Intel(R) Iris(TM) Plus Graphics 655' for graphics
29.5963 	INFO 	OpenGL version supported by driver is 2..
29.6185 	EXP 	Created window1 = Window(allowGUI=False, allowStencil=False, autoLog=True, backendConf=UNKNOWN, backgroundFit=<method-wrapper '__getattribute__' of attributeSetter object at 0x13d208ac0>, backgroundImage=<method-wrapper '__getattribute__' of attributeSetter object at 0x13d208a60>, bitsMode=UNKNOWN, blendMode='avg', bpc=(8, 8, 8), color=array([0, 0, 0]), colorSpace='rgb', depthBits=8, fullscr=False, gamma=None, gammaErrorPolicy='raise', infoMsg=UNKNOWN, lms=UNKNOWN, monitor=<psychopy.monitors.calibTools.Monitor object at 0x13d373010>, multiSample=False, name='window1', numSamples=2, pos=[np.float64(320.0), np.float64(150.0)], screen=0, size=array([1600, 1200]), stencilBits=0, stereo=False, title='PsychoPy', units='height', useFBO=True, useRetina=True, viewOri=0.0, viewPos=None, viewScale=None, waitBlanking=True, winType='pyglet')
29.6186 	EXP 	window1: backgroundImage = ''
29.6186 	EXP 	window1: backgroundFit = 'none'
29.6517 	DEBUG 	TextBox2 loaded 1 chars with 0 blanks and 1 valid
29.6698 	DEBUG 	TextBox2 loaded 1 chars with 0 blanks and 1 valid
29.6880 	DEBUG 	TextBox2 loaded 1 chars with 0 blanks and 1 valid
29.7064 	DEBUG 	TextBox2 loaded 1 chars with 0 blanks and 1 valid
29.7244 	DEBUG 	TextBox2 loaded 1 chars with 0 blanks and 1 valid
29.7418 	DEBUG 	TextBox2 loaded 1 chars with 0 blanks and 1 valid
29.7599 	DEBUG 	TextBox2 loaded 1 chars with 0 blanks and 1 valid
29.7781 	DEBUG 	TextBox2 loaded 1 chars with 0 blanks and 1 valid
29.7951 	DEBUG 	TextBox2 loaded 1 chars with 0 blanks and 1 valid
29.8123 	DEBUG 	TextBox2 loaded 1 chars with 0 blanks and 1 valid
29.8302 	DEBUG 	TextBox2 loaded 1 chars with 0 blanks and 1 valid
29.8481 	DEBUG 	TextBox2 loaded 1 chars with 0 blanks and 1 valid
29.8658 	DEBUG 	TextBox2 loaded 1 chars with 0 blanks and 1 valid
29.8835 	DEBUG 	TextBox2 loaded 1 chars with 0 blanks and 1 valid
29.9012 	DEBUG 	TextBox2 loaded 1 chars with 0 blanks and 1 valid
29.9193 	DEBUG 	TextBox2 loaded 1 chars with 0 blanks and 1 valid
29.9372 	DEBUG 	TextBox2 loaded 1 chars with 0 blanks and 1 valid
29.9547 	DEBUG 	TextBox2 loaded 1 chars with 0 blanks and 1 valid
29.9721 	DEBUG 	TextBox2 loaded 1 chars with 0 blanks and 1 valid
29.9904 	DEBUG 	TextBox2 loaded 1 chars with 0 blanks and 1 valid
30.0078 	DEBUG 	TextBox2 loaded 1 chars with 0 blanks and 1 valid
30.0082 	DEBUG 	Uploading Texture Font fontname to graphics card
30.0114 	DEBUG 	Upload of Texture Font fontname complete
30.0384 	DEBUG 	TextBox2 loaded 1 chars with 0 blanks and 1 valid
30.0571 	DEBUG 	TextBox2 loaded 1 chars with 0 blanks and 1 valid
30.0754 	DEBUG 	TextBox2 loaded 1 chars with 0 blanks and 1 valid
30.0758 	DEBUG 	Uploading Texture Font fontname to graphics card
30.0769 	DEBUG 	Upload of Texture Font fontname complete
30.0798 	EXP 	window1: Attempting to measure frame rate of screen (0) ...
30.0798 	EXP 	window1: recordFrameIntervals = False
30.5208 	EXP 	window1: recordFrameIntervals = True
30.6212 	EXP 	Screen (0) actual frame rate measured at 120.12Hz
30.6213 	EXP 	window1: recordFrameIntervals = False
30.6474 	DEBUG 	TextBox2 loaded 1 chars with 0 blanks and 1 valid
30.6653 	DEBUG 	TextBox2 loaded 1 chars with 0 blanks and 1 valid
30.6834 	DEBUG 	TextBox2 loaded 1 chars with 0 blanks and 1 valid
30.7021 	DEBUG 	TextBox2 loaded 1 chars with 0 blanks and 1 valid
30.7206 	DEBUG 	TextBox2 loaded 1 chars with 0 blanks and 1 valid
30.7390 	DEBUG 	TextBox2 loaded 1 chars with 0 blanks and 1 valid
30.7565 	DEBUG 	TextBox2 loaded 1 chars with 0 blanks and 1 valid
30.7746 	DEBUG 	TextBox2 loaded 1 chars with 0 blanks and 1 valid
30.7929 	DEBUG 	TextBox2 loaded 1 chars with 0 blanks and 1 valid
30.8110 	DEBUG 	TextBox2 loaded 1 chars with 0 blanks and 1 valid
30.8115 	DEBUG 	Uploading Texture Font fontname to graphics card
30.8149 	DEBUG 	Upload of Texture Font fontname complete
30.8740 	WARNING 	launchHubServer: If using the iohub mouse or eyetracker devices, fullScr should be True.
34.6735 	INFO 	keyboard.Keyboard is using iohub backend.
34.6736 	EXP 	turtles_categorization: status = STARTED
0.0422 	EXP 	window1: units = 'pix'
0.0764 	EXP 	Created unnamed Circle = Circle(__class__=<class 'psychopy.visual.circle.Circle'>, anchor=('center', 'center'), autoDraw=False, autoLog=True, closeShape=True, color=method-wrapper(...), colorSpace='rgb', contrast=None, depth=0, draggable=False, fillColor=array([-0.5,  0.5, -0.5]), fillColorSpace='rgb', fillRGB=array([-0.5,  0.5, -0.5]), interpolate=True, lineColor=array([-0.5,  0.5, -0.5]), lineColorSpace='rgb', lineRGB=array([-0.5,  0.5, -0.5]), lineWidth=1.5, name='unnamed Circle', opacity=1, ori=0.0, pos=array([0., 0.]), size=array([1., 1.]), units='pix', vertices=ndarray(...), win=Window(...), windingRule=None)
0.0994 	INFO 	Keyboard events cleared
2.0239 	EXP 	turtles_categorization: status = STOPPED
2.0260 	INFO 	saved data to '/Users/seanconway/Research/Categorization_stochastic/experiments/turtles_task_switching/data/pilot_turtles_categorization_2025-12-19_13h04.02.376.csv'
2.0265 	INFO 	saved data to /Users/seanconway/Research/Categorization_stochastic/experiments/turtles_task_switching/data/pilot_turtles_categorization_2025-12-19_13h04.02.376.psydat
2.6851 	DEBUG 	Saving data for turtles_categorization ExperimentHandler
