27.7830 	DEBUG 	Fullscreen settings ignored as running in pilot mode.
27.7848 	INFO 	Loaded monitor calibration from ['2023_04_13 15:13']
28.0377 	INFO 	Using renderer 'Intel(R) Iris(TM) Plus Graphics 655' for graphics
28.0377 	INFO 	OpenGL version supported by driver is 2..
28.0586 	EXP 	Created window1 = Window(allowGUI=False, allowStencil=False, autoLog=True, backendConf=UNKNOWN, backgroundFit=<method-wrapper '__getattribute__' of attributeSetter object at 0x145f533a0>, backgroundImage=<method-wrapper '__getattribute__' of attributeSetter object at 0x145f53340>, bitsMode=UNKNOWN, blendMode='avg', bpc=(8, 8, 8), color=array([0, 0, 0]), colorSpace='rgb', depthBits=8, fullscr=False, gamma=None, gammaErrorPolicy='raise', infoMsg=UNKNOWN, lms=UNKNOWN, monitor=<psychopy.monitors.calibTools.Monitor object at 0x146116b60>, multiSample=False, name='window1', numSamples=2, pos=[np.float64(320.0), np.float64(150.0)], screen=0, size=array([1600, 1200]), stencilBits=0, stereo=False, title='PsychoPy', units='height', useFBO=True, useRetina=True, viewOri=0.0, viewPos=None, viewScale=None, waitBlanking=True, winType='pyglet')
28.0587 	EXP 	window1: backgroundImage = ''
28.0587 	EXP 	window1: backgroundFit = 'none'
28.0913 	DEBUG 	TextBox2 loaded 1 chars with 0 blanks and 1 valid
28.1096 	DEBUG 	TextBox2 loaded 1 chars with 0 blanks and 1 valid
28.1281 	DEBUG 	TextBox2 loaded 1 chars with 0 blanks and 1 valid
28.1469 	DEBUG 	TextBox2 loaded 1 chars with 0 blanks and 1 valid
28.1654 	DEBUG 	TextBox2 loaded 1 chars with 0 blanks and 1 valid
28.1835 	DEBUG 	TextBox2 loaded 1 chars with 0 blanks and 1 valid
28.2019 	DEBUG 	TextBox2 loaded 1 chars with 0 blanks and 1 valid
28.2208 	DEBUG 	TextBox2 loaded 1 chars with 0 blanks and 1 valid
28.2382 	DEBUG 	TextBox2 loaded 1 chars with 0 blanks and 1 valid
28.2557 	DEBUG 	TextBox2 loaded 1 chars with 0 blanks and 1 valid
28.2743 	DEBUG 	TextBox2 loaded 1 chars with 0 blanks and 1 valid
28.2930 	DEBUG 	TextBox2 loaded 1 chars with 0 blanks and 1 valid
28.3113 	DEBUG 	TextBox2 loaded 1 chars with 0 blanks and 1 valid
28.3295 	DEBUG 	TextBox2 loaded 1 chars with 0 blanks and 1 valid
28.3481 	DEBUG 	TextBox2 loaded 1 chars with 0 blanks and 1 valid
28.3666 	DEBUG 	TextBox2 loaded 1 chars with 0 blanks and 1 valid
28.3850 	DEBUG 	TextBox2 loaded 1 chars with 0 blanks and 1 valid
28.4030 	DEBUG 	TextBox2 loaded 1 chars with 0 blanks and 1 valid
28.4213 	DEBUG 	TextBox2 loaded 1 chars with 0 blanks and 1 valid
28.4405 	DEBUG 	TextBox2 loaded 1 chars with 0 blanks and 1 valid
28.4585 	DEBUG 	TextBox2 loaded 1 chars with 0 blanks and 1 valid
28.4590 	DEBUG 	Uploading Texture Font fontname to graphics card
28.4625 	DEBUG 	Upload of Texture Font fontname complete
28.4901 	DEBUG 	TextBox2 loaded 1 chars with 0 blanks and 1 valid
28.5091 	DEBUG 	TextBox2 loaded 1 chars with 0 blanks and 1 valid
28.5277 	DEBUG 	TextBox2 loaded 1 chars with 0 blanks and 1 valid
28.5282 	DEBUG 	Uploading Texture Font fontname to graphics card
28.5293 	DEBUG 	Upload of Texture Font fontname complete
28.5322 	EXP 	window1: Attempting to measure frame rate of screen (0) ...
28.5322 	EXP 	window1: recordFrameIntervals = False
29.0086 	EXP 	window1: recordFrameIntervals = True
29.3014 	EXP 	Screen (0) actual frame rate measured at 120.00Hz
29.3015 	EXP 	window1: recordFrameIntervals = False
29.3280 	DEBUG 	TextBox2 loaded 1 chars with 0 blanks and 1 valid
29.3458 	DEBUG 	TextBox2 loaded 1 chars with 0 blanks and 1 valid
29.3638 	DEBUG 	TextBox2 loaded 1 chars with 0 blanks and 1 valid
29.3822 	DEBUG 	TextBox2 loaded 1 chars with 0 blanks and 1 valid
29.4011 	DEBUG 	TextBox2 loaded 1 chars with 0 blanks and 1 valid
29.4196 	DEBUG 	TextBox2 loaded 1 chars with 0 blanks and 1 valid
29.4375 	DEBUG 	TextBox2 loaded 1 chars with 0 blanks and 1 valid
29.4561 	DEBUG 	TextBox2 loaded 1 chars with 0 blanks and 1 valid
29.4746 	DEBUG 	TextBox2 loaded 1 chars with 0 blanks and 1 valid
29.4929 	DEBUG 	TextBox2 loaded 1 chars with 0 blanks and 1 valid
29.4934 	DEBUG 	Uploading Texture Font fontname to graphics card
29.4970 	DEBUG 	Upload of Texture Font fontname complete
29.5521 	WARNING 	launchHubServer: If using the iohub mouse or eyetracker devices, fullScr should be True.
33.3070 	INFO 	keyboard.Keyboard is using iohub backend.
33.3071 	EXP 	turtles_categorization: status = STARTED
0.0290 	WARNING 	fillColorSpace parameter is deprecated. Please use colorSpace instead.
0.0291 	WARNING 	lineColorSpace parameter is deprecated. Please use colorSpace instead.
0.0311 	EXP 	Created unnamed Pie = Pie(__class__=<class 'psychopy.visual.pie.Pie'>, anchor=('center', 'center'), autoDraw=False, autoLog=True, closeShape=True, color=method-wrapper(...), colorSpace='rgb255', contrast=None, depth=0, draggable=False, fillColor=array([128., 128., 128.]), fillColorSpace='rgb255', fillRGB=array([False, False, False]), interpolate=True, lineColor=array([128., 255., 128.]), lineColorSpace='rgb255', lineRGB=array([  0, 128,   0]), lineWidth=1.5, name='unnamed Pie', opacity=1.0, ori=0.0, pos=array([-200.,    0.]), size=array([1., 1.]), units='height', vertices=ndarray(...), win=Window(...))
0.0314 	WARNING 	fillColorSpace parameter is deprecated. Please use colorSpace instead.
0.0315 	WARNING 	lineColorSpace parameter is deprecated. Please use colorSpace instead.
0.0333 	EXP 	Created unnamed Pie = Pie(__class__=<class 'psychopy.visual.pie.Pie'>, anchor=('center', 'center'), autoDraw=False, autoLog=True, closeShape=True, color=method-wrapper(...), colorSpace='rgb255', contrast=None, depth=0, draggable=False, fillColor=array([128., 128., 128.]), fillColorSpace='rgb255', fillRGB=array([False, False, False]), interpolate=True, lineColor=array([255., 255., 128.]), lineColorSpace='rgb255', lineRGB=array([255, 192,   0]), lineWidth=1.5, name='unnamed Pie', opacity=1.0, ori=0.0, pos=array([200.,   0.]), size=array([1., 1.]), units='height', vertices=ndarray(...), win=Window(...))
0.0566 	INFO 	Keyboard events cleared
12.4387 	EXP 	Device response: <KeyPress from None: t=12.414763349923305, value=f, duration=None>
12.4484 	DATA 	Keypress: f
12.4601 	EXP 	turtles_categorization: status = STOPPED
12.4623 	INFO 	saved data to '/Users/seanconway/Research/Categorization_stochastic/experiments/turtles_task_switching/data/pilot_turtles_categorization_2025-12-18_08h54.43.723.csv'
12.4629 	INFO 	saved data to /Users/seanconway/Research/Categorization_stochastic/experiments/turtles_task_switching/data/pilot_turtles_categorization_2025-12-18_08h54.43.723.psydat
12.7683 	DEBUG 	Saving data for turtles_categorization ExperimentHandler
