28.9063 	DEBUG 	Fullscreen settings ignored as running in pilot mode.
28.9076 	INFO 	Loaded monitor calibration from ['2023_04_13 15:13']
29.1433 	INFO 	Using renderer 'Intel(R) Iris(TM) Plus Graphics 655' for graphics
29.1433 	INFO 	OpenGL version supported by driver is 2..
29.1635 	EXP 	Created window1 = Window(allowGUI=False, allowStencil=False, autoLog=True, backendConf=UNKNOWN, backgroundFit=<method-wrapper '__getattribute__' of attributeSetter object at 0x147ef6890>, backgroundImage=<method-wrapper '__getattribute__' of attributeSetter object at 0x147ef68f0>, bitsMode=UNKNOWN, blendMode='avg', bpc=(8, 8, 8), color=array([0, 0, 0]), colorSpace='rgb', depthBits=8, fullscr=False, gamma=None, gammaErrorPolicy='raise', infoMsg=UNKNOWN, lms=UNKNOWN, monitor=<psychopy.monitors.calibTools.Monitor object at 0x147d547f0>, multiSample=False, name='window1', numSamples=2, pos=[np.float64(560.0), np.float64(240.0)], screen=0, size=array([800, 600]), stencilBits=0, stereo=False, title='PsychoPy', units='height', useFBO=True, useRetina=False, viewOri=0.0, viewPos=None, viewScale=None, waitBlanking=True, winType='pyglet')
29.1635 	EXP 	window1: backgroundImage = ''
29.1636 	EXP 	window1: backgroundFit = 'none'
29.2005 	DEBUG 	TextBox2 loaded 1 chars with 0 blanks and 1 valid
29.2200 	DEBUG 	TextBox2 loaded 1 chars with 0 blanks and 1 valid
29.2378 	DEBUG 	TextBox2 loaded 1 chars with 0 blanks and 1 valid
29.2559 	DEBUG 	TextBox2 loaded 1 chars with 0 blanks and 1 valid
29.2739 	DEBUG 	TextBox2 loaded 1 chars with 0 blanks and 1 valid
29.2911 	DEBUG 	TextBox2 loaded 1 chars with 0 blanks and 1 valid
29.3093 	DEBUG 	TextBox2 loaded 1 chars with 0 blanks and 1 valid
29.3274 	DEBUG 	TextBox2 loaded 1 chars with 0 blanks and 1 valid
29.3444 	DEBUG 	TextBox2 loaded 1 chars with 0 blanks and 1 valid
29.3614 	DEBUG 	TextBox2 loaded 1 chars with 0 blanks and 1 valid
29.3791 	DEBUG 	TextBox2 loaded 1 chars with 0 blanks and 1 valid
29.3968 	DEBUG 	TextBox2 loaded 1 chars with 0 blanks and 1 valid
29.4144 	DEBUG 	TextBox2 loaded 1 chars with 0 blanks and 1 valid
29.4322 	DEBUG 	TextBox2 loaded 1 chars with 0 blanks and 1 valid
29.4496 	DEBUG 	TextBox2 loaded 1 chars with 0 blanks and 1 valid
29.4674 	DEBUG 	TextBox2 loaded 1 chars with 0 blanks and 1 valid
29.4851 	DEBUG 	TextBox2 loaded 1 chars with 0 blanks and 1 valid
29.5023 	DEBUG 	TextBox2 loaded 1 chars with 0 blanks and 1 valid
29.5195 	DEBUG 	TextBox2 loaded 1 chars with 0 blanks and 1 valid
29.5376 	DEBUG 	TextBox2 loaded 1 chars with 0 blanks and 1 valid
29.5553 	DEBUG 	TextBox2 loaded 1 chars with 0 blanks and 1 valid
29.5558 	DEBUG 	Uploading Texture Font fontname to graphics card
29.5587 	DEBUG 	Upload of Texture Font fontname complete
29.5857 	DEBUG 	TextBox2 loaded 1 chars with 0 blanks and 1 valid
29.6077 	DEBUG 	TextBox2 loaded 1 chars with 0 blanks and 1 valid
29.6258 	DEBUG 	TextBox2 loaded 1 chars with 0 blanks and 1 valid
29.6262 	DEBUG 	Uploading Texture Font fontname to graphics card
29.6271 	DEBUG 	Upload of Texture Font fontname complete
29.6299 	EXP 	window1: Attempting to measure frame rate of screen (0) ...
29.6299 	EXP 	window1: recordFrameIntervals = False
30.0237 	EXP 	window1: recordFrameIntervals = True
30.8802 	WARNING 	Couldn't measure a consistent frame rate!
  - Is your graphics card set to sync to vertical blank?
  - Are you running other processes on your computer?

30.9069 	DEBUG 	TextBox2 loaded 1 chars with 0 blanks and 1 valid
30.9246 	DEBUG 	TextBox2 loaded 1 chars with 0 blanks and 1 valid
30.9427 	DEBUG 	TextBox2 loaded 1 chars with 0 blanks and 1 valid
30.9609 	DEBUG 	TextBox2 loaded 1 chars with 0 blanks and 1 valid
30.9791 	DEBUG 	TextBox2 loaded 1 chars with 0 blanks and 1 valid
30.9972 	DEBUG 	TextBox2 loaded 1 chars with 0 blanks and 1 valid
31.0145 	DEBUG 	TextBox2 loaded 1 chars with 0 blanks and 1 valid
31.0324 	DEBUG 	TextBox2 loaded 1 chars with 0 blanks and 1 valid
31.0505 	DEBUG 	TextBox2 loaded 1 chars with 0 blanks and 1 valid
31.0685 	DEBUG 	TextBox2 loaded 1 chars with 0 blanks and 1 valid
31.0689 	DEBUG 	Uploading Texture Font fontname to graphics card
31.0722 	DEBUG 	Upload of Texture Font fontname complete
31.1269 	WARNING 	launchHubServer: If using the iohub mouse or eyetracker devices, fullScr should be True.
34.4634 	INFO 	keyboard.Keyboard is using iohub backend.
34.4634 	EXP 	turtles_categorization: status = STARTED
34.4713 	EXP 	Created radius = ShapeStim(__class__=<class 'psychopy.visual.shape.ShapeStim'>, anchor=('center', 'center'), autoDraw=False, autoLog=True, closeShape=True, color=method-wrapper(...), colorSpace='rgb', contrast=None, depth=-2.0, draggable=False, fillColor=array([0.7412, 0.4431, 0.0588]), fillColorSpace='rgb', fillRGB=array([0.7412, 0.4431, 0.0588]), interpolate=True, lineColor=array([1., 1., 1.]), lineColorSpace='rgb', lineRGB=array([1, 1, 1]), lineWidth=1.0, name='radius', opacity=1.0, ori=0.0, pos=array([0., 0.]), size=array([0.5, 0.5]), units='height', vertices=ndarray(...), win=Window(...), windingRule=None)
0.3151 	DEBUG 	Saving data for turtles_categorization ExperimentHandler
0.3156 	INFO 	saved data to /Users/seanconway/Research/Categorization_stochastic/experiments/turtles_task_switching/data/pilot_turtles_categorization_2026-01-05_13h47.01.918.psydat
0.3161 	INFO 	saved data to '/Users/seanconway/Research/Categorization_stochastic/experiments/turtles_task_switching/data/pilot_turtles_categorization_2026-01-05_13h47.01.918.csv'
