27.1685 	DEBUG 	Fullscreen settings ignored as running in pilot mode.
27.1694 	INFO 	Loaded monitor calibration from ['2023_04_13 15:13']
27.4012 	INFO 	Using renderer 'Intel(R) Iris(TM) Plus Graphics 655' for graphics
27.4012 	INFO 	OpenGL version supported by driver is 2..
27.4214 	EXP 	Created window1 = Window(allowGUI=False, allowStencil=False, autoLog=True, backendConf=UNKNOWN, backgroundFit=<method-wrapper '__getattribute__' of attributeSetter object at 0x1435733a0>, backgroundImage=<method-wrapper '__getattribute__' of attributeSetter object at 0x143573340>, bitsMode=UNKNOWN, blendMode='avg', bpc=(8, 8, 8), color=array([0, 0, 0]), colorSpace='rgb', depthBits=8, fullscr=False, gamma=None, gammaErrorPolicy='raise', infoMsg=UNKNOWN, lms=UNKNOWN, monitor=<psychopy.monitors.calibTools.Monitor object at 0x1436fecb0>, multiSample=False, name='window1', numSamples=2, pos=[np.float64(560.0), np.float64(240.0)], screen=0, size=array([800, 600]), stencilBits=0, stereo=False, title='PsychoPy', units='height', useFBO=True, useRetina=False, viewOri=0.0, viewPos=None, viewScale=None, waitBlanking=True, winType='pyglet')
27.4215 	EXP 	window1: backgroundImage = ''
27.4215 	EXP 	window1: backgroundFit = 'none'
27.4523 	DEBUG 	TextBox2 loaded 1 chars with 0 blanks and 1 valid
27.4700 	DEBUG 	TextBox2 loaded 1 chars with 0 blanks and 1 valid
27.4879 	DEBUG 	TextBox2 loaded 1 chars with 0 blanks and 1 valid
27.5060 	DEBUG 	TextBox2 loaded 1 chars with 0 blanks and 1 valid
27.5240 	DEBUG 	TextBox2 loaded 1 chars with 0 blanks and 1 valid
27.5411 	DEBUG 	TextBox2 loaded 1 chars with 0 blanks and 1 valid
27.5588 	DEBUG 	TextBox2 loaded 1 chars with 0 blanks and 1 valid
27.5767 	DEBUG 	TextBox2 loaded 1 chars with 0 blanks and 1 valid
27.5936 	DEBUG 	TextBox2 loaded 1 chars with 0 blanks and 1 valid
27.6107 	DEBUG 	TextBox2 loaded 1 chars with 0 blanks and 1 valid
27.6284 	DEBUG 	TextBox2 loaded 1 chars with 0 blanks and 1 valid
27.6461 	DEBUG 	TextBox2 loaded 1 chars with 0 blanks and 1 valid
27.6637 	DEBUG 	TextBox2 loaded 1 chars with 0 blanks and 1 valid
27.6815 	DEBUG 	TextBox2 loaded 1 chars with 0 blanks and 1 valid
27.6990 	DEBUG 	TextBox2 loaded 1 chars with 0 blanks and 1 valid
27.7167 	DEBUG 	TextBox2 loaded 1 chars with 0 blanks and 1 valid
27.7345 	DEBUG 	TextBox2 loaded 1 chars with 0 blanks and 1 valid
27.7517 	DEBUG 	TextBox2 loaded 1 chars with 0 blanks and 1 valid
27.7689 	DEBUG 	TextBox2 loaded 1 chars with 0 blanks and 1 valid
27.7870 	DEBUG 	TextBox2 loaded 1 chars with 0 blanks and 1 valid
27.8041 	DEBUG 	TextBox2 loaded 1 chars with 0 blanks and 1 valid
27.8046 	DEBUG 	Uploading Texture Font fontname to graphics card
27.8075 	DEBUG 	Upload of Texture Font fontname complete
27.8341 	DEBUG 	TextBox2 loaded 1 chars with 0 blanks and 1 valid
27.8523 	DEBUG 	TextBox2 loaded 1 chars with 0 blanks and 1 valid
27.8703 	DEBUG 	TextBox2 loaded 1 chars with 0 blanks and 1 valid
27.8707 	DEBUG 	Uploading Texture Font fontname to graphics card
27.8714 	DEBUG 	Upload of Texture Font fontname complete
27.8742 	EXP 	window1: Attempting to measure frame rate of screen (0) ...
27.8742 	EXP 	window1: recordFrameIntervals = False
28.2409 	EXP 	window1: recordFrameIntervals = True
29.0878 	WARNING 	Couldn't measure a consistent frame rate!
  - Is your graphics card set to sync to vertical blank?
  - Are you running other processes on your computer?

29.1140 	DEBUG 	TextBox2 loaded 1 chars with 0 blanks and 1 valid
29.1316 	DEBUG 	TextBox2 loaded 1 chars with 0 blanks and 1 valid
29.1496 	DEBUG 	TextBox2 loaded 1 chars with 0 blanks and 1 valid
29.1679 	DEBUG 	TextBox2 loaded 1 chars with 0 blanks and 1 valid
29.1861 	DEBUG 	TextBox2 loaded 1 chars with 0 blanks and 1 valid
29.2043 	DEBUG 	TextBox2 loaded 1 chars with 0 blanks and 1 valid
29.2215 	DEBUG 	TextBox2 loaded 1 chars with 0 blanks and 1 valid
29.2395 	DEBUG 	TextBox2 loaded 1 chars with 0 blanks and 1 valid
29.2577 	DEBUG 	TextBox2 loaded 1 chars with 0 blanks and 1 valid
29.2757 	DEBUG 	TextBox2 loaded 1 chars with 0 blanks and 1 valid
29.2762 	DEBUG 	Uploading Texture Font fontname to graphics card
29.2794 	DEBUG 	Upload of Texture Font fontname complete
29.3313 	WARNING 	launchHubServer: If using the iohub mouse or eyetracker devices, fullScr should be True.
32.2388 	INFO 	keyboard.Keyboard is using iohub backend.
32.2389 	EXP 	turtles_categorization: status = STARTED
0.2543 	DEBUG 	Saving data for turtles_categorization ExperimentHandler
0.2550 	INFO 	saved data to /Users/seanconway/Research/Categorization_stochastic/experiments/turtles_task_switching/data/pilot_turtles_categorization_2026-01-05_12h08.59.555.psydat
0.2554 	INFO 	saved data to '/Users/seanconway/Research/Categorization_stochastic/experiments/turtles_task_switching/data/pilot_turtles_categorization_2026-01-05_12h08.59.555.csv'
