27.8986 	DEBUG 	Fullscreen settings ignored as running in pilot mode.
27.8998 	INFO 	Loaded monitor calibration from ['2023_04_13 15:13']
28.1277 	INFO 	Using renderer 'Intel(R) Iris(TM) Plus Graphics 655' for graphics
28.1278 	INFO 	OpenGL version supported by driver is 2..
28.1481 	EXP 	Created window1 = Window(allowGUI=False, allowStencil=False, autoLog=True, backendConf=UNKNOWN, backgroundFit=<method-wrapper '__getattribute__' of attributeSetter object at 0x145faa890>, backgroundImage=<method-wrapper '__getattribute__' of attributeSetter object at 0x145faa8f0>, bitsMode=UNKNOWN, blendMode='avg', bpc=(8, 8, 8), color=array([0, 0, 0]), colorSpace='rgb', depthBits=8, fullscr=False, gamma=None, gammaErrorPolicy='raise', infoMsg=UNKNOWN, lms=UNKNOWN, monitor=<psychopy.monitors.calibTools.Monitor object at 0x145cf7970>, multiSample=False, name='window1', numSamples=2, pos=[np.float64(560.0), np.float64(240.0)], screen=0, size=array([800, 600]), stencilBits=0, stereo=False, title='PsychoPy', units='height', useFBO=True, useRetina=False, viewOri=0.0, viewPos=None, viewScale=None, waitBlanking=True, winType='pyglet')
28.1482 	EXP 	window1: backgroundImage = ''
28.1482 	EXP 	window1: backgroundFit = 'none'
28.1834 	DEBUG 	TextBox2 loaded 1 chars with 0 blanks and 1 valid
28.2014 	DEBUG 	TextBox2 loaded 1 chars with 0 blanks and 1 valid
28.2191 	DEBUG 	TextBox2 loaded 1 chars with 0 blanks and 1 valid
28.2375 	DEBUG 	TextBox2 loaded 1 chars with 0 blanks and 1 valid
28.2559 	DEBUG 	TextBox2 loaded 1 chars with 0 blanks and 1 valid
28.2739 	DEBUG 	TextBox2 loaded 1 chars with 0 blanks and 1 valid
28.2921 	DEBUG 	TextBox2 loaded 1 chars with 0 blanks and 1 valid
28.3104 	DEBUG 	TextBox2 loaded 1 chars with 0 blanks and 1 valid
28.3276 	DEBUG 	TextBox2 loaded 1 chars with 0 blanks and 1 valid
28.3454 	DEBUG 	TextBox2 loaded 1 chars with 0 blanks and 1 valid
28.3636 	DEBUG 	TextBox2 loaded 1 chars with 0 blanks and 1 valid
28.3815 	DEBUG 	TextBox2 loaded 1 chars with 0 blanks and 1 valid
28.3992 	DEBUG 	TextBox2 loaded 1 chars with 0 blanks and 1 valid
28.4171 	DEBUG 	TextBox2 loaded 1 chars with 0 blanks and 1 valid
28.4347 	DEBUG 	TextBox2 loaded 1 chars with 0 blanks and 1 valid
28.4525 	DEBUG 	TextBox2 loaded 1 chars with 0 blanks and 1 valid
28.4702 	DEBUG 	TextBox2 loaded 1 chars with 0 blanks and 1 valid
28.4874 	DEBUG 	TextBox2 loaded 1 chars with 0 blanks and 1 valid
28.5046 	DEBUG 	TextBox2 loaded 1 chars with 0 blanks and 1 valid
28.5228 	DEBUG 	TextBox2 loaded 1 chars with 0 blanks and 1 valid
28.5400 	DEBUG 	TextBox2 loaded 1 chars with 0 blanks and 1 valid
28.5405 	DEBUG 	Uploading Texture Font fontname to graphics card
28.5436 	DEBUG 	Upload of Texture Font fontname complete
28.5704 	DEBUG 	TextBox2 loaded 1 chars with 0 blanks and 1 valid
28.5886 	DEBUG 	TextBox2 loaded 1 chars with 0 blanks and 1 valid
28.6066 	DEBUG 	TextBox2 loaded 1 chars with 0 blanks and 1 valid
28.6070 	DEBUG 	Uploading Texture Font fontname to graphics card
28.6076 	DEBUG 	Upload of Texture Font fontname complete
28.6104 	EXP 	window1: Attempting to measure frame rate of screen (0) ...
28.6105 	EXP 	window1: recordFrameIntervals = False
28.9843 	EXP 	window1: recordFrameIntervals = True
29.8220 	WARNING 	Couldn't measure a consistent frame rate!
  - Is your graphics card set to sync to vertical blank?
  - Are you running other processes on your computer?

29.8478 	DEBUG 	TextBox2 loaded 1 chars with 0 blanks and 1 valid
29.8659 	DEBUG 	TextBox2 loaded 1 chars with 0 blanks and 1 valid
29.8843 	DEBUG 	TextBox2 loaded 1 chars with 0 blanks and 1 valid
29.9028 	DEBUG 	TextBox2 loaded 1 chars with 0 blanks and 1 valid
29.9211 	DEBUG 	TextBox2 loaded 1 chars with 0 blanks and 1 valid
29.9394 	DEBUG 	TextBox2 loaded 1 chars with 0 blanks and 1 valid
29.9567 	DEBUG 	TextBox2 loaded 1 chars with 0 blanks and 1 valid
29.9747 	DEBUG 	TextBox2 loaded 1 chars with 0 blanks and 1 valid
29.9929 	DEBUG 	TextBox2 loaded 1 chars with 0 blanks and 1 valid
30.0110 	DEBUG 	TextBox2 loaded 1 chars with 0 blanks and 1 valid
30.0115 	DEBUG 	Uploading Texture Font fontname to graphics card
30.0147 	DEBUG 	Upload of Texture Font fontname complete
30.0690 	WARNING 	launchHubServer: If using the iohub mouse or eyetracker devices, fullScr should be True.
33.5967 	INFO 	keyboard.Keyboard is using iohub backend.
33.5968 	EXP 	turtles_categorization: status = STARTED
33.6049 	EXP 	Created turtle_1 = ShapeStim(__class__=<class 'psychopy.visual.shape.ShapeStim'>, anchor=('center', 'center'), autoDraw=False, autoLog=True, closeShape=True, color=method-wrapper(...), colorSpace='rgb', contrast=None, depth=-2.0, draggable=False, fillColor=array([0.7412, 0.4431, 0.0588]), fillColorSpace='rgb', fillRGB=array([0.7412, 0.4431, 0.0588]), interpolate=True, lineColor=array([-1.    , -1.    ,  0.0039]), lineColorSpace='rgb', lineRGB=array([-1.    , -1.    ,  0.0039]), lineWidth=1.0, name='turtle_1', opacity=1.0, ori=0.0, pos=array([0., 0.]), size=array([0.5, 0.5]), units='height', vertices=ndarray(...), win=Window(...), windingRule=None)
0.0281 	INFO 	Keyboard events cleared
0.0277 	WARNING 	t of last frame was 23.87ms (=1/41)
0.0277 	EXP 	turtle_1: autoDraw = True
0.7734 	DATA 	Mouse: wheel shift=(0,0), pos=(391,445)
1.0558 	DATA 	Mouse: wheel shift=(0,0), pos=(391,445)
1.5824 	DATA 	Mouse: wheel shift=(0,0), pos=(391,445)
1.7050 	DATA 	Mouse: wheel shift=(0,0), pos=(391,445)
1.9549 	DATA 	Mouse: wheel shift=(0,0), pos=(391,445)
2.9166 	DATA 	Mouse: wheel shift=(0,0), pos=(391,445)
4.7351 	EXP 	Device response: <KeyPress from None: t=4.714389245000007, value=j, duration=None>
4.7431 	DATA 	Keypress: j
4.7462 	WARNING 	t of last frame was 35.04ms (=1/28)
4.7462 	EXP 	turtle_1: autoDraw = False
4.7490 	EXP 	turtles_categorization: status = STOPPED
4.7513 	INFO 	saved data to '/Users/seanconway/Research/Categorization_stochastic/experiments/turtles_task_switching/data/pilot_turtles_categorization_2026-01-05_16h01.56.982.csv'
4.7517 	INFO 	saved data to /Users/seanconway/Research/Categorization_stochastic/experiments/turtles_task_switching/data/pilot_turtles_categorization_2026-01-05_16h01.56.982.psydat
5.2310 	DEBUG 	Saving data for turtles_categorization ExperimentHandler
