34.3867 	DEBUG 	Fullscreen settings ignored as running in pilot mode.
34.3879 	INFO 	Loaded monitor calibration from ['2023_04_13 15:13']
34.6215 	INFO 	Using renderer 'Intel(R) Iris(TM) Plus Graphics 655' for graphics
34.6215 	INFO 	OpenGL version supported by driver is 2..
34.6416 	EXP 	Created window1 = Window(allowGUI=False, allowStencil=False, autoLog=True, backendConf=UNKNOWN, backgroundFit=<method-wrapper '__getattribute__' of attributeSetter object at 0x1423c6890>, backgroundImage=<method-wrapper '__getattribute__' of attributeSetter object at 0x1423c68f0>, bitsMode=UNKNOWN, blendMode='avg', bpc=(8, 8, 8), color=array([0, 0, 0]), colorSpace='rgb', depthBits=8, fullscr=False, gamma=None, gammaErrorPolicy='raise', infoMsg=UNKNOWN, lms=UNKNOWN, monitor=<psychopy.monitors.calibTools.Monitor object at 0x142563970>, multiSample=False, name='window1', numSamples=2, pos=[np.float64(560.0), np.float64(240.0)], screen=0, size=array([800, 600]), stencilBits=0, stereo=False, title='PsychoPy', units='height', useFBO=True, useRetina=False, viewOri=0.0, viewPos=None, viewScale=None, waitBlanking=True, winType='pyglet')
34.6417 	EXP 	window1: backgroundImage = ''
34.6418 	EXP 	window1: backgroundFit = 'none'
34.6747 	DEBUG 	TextBox2 loaded 1 chars with 0 blanks and 1 valid
34.6934 	DEBUG 	TextBox2 loaded 1 chars with 0 blanks and 1 valid
34.7114 	DEBUG 	TextBox2 loaded 1 chars with 0 blanks and 1 valid
34.7295 	DEBUG 	TextBox2 loaded 1 chars with 0 blanks and 1 valid
34.7475 	DEBUG 	TextBox2 loaded 1 chars with 0 blanks and 1 valid
34.7647 	DEBUG 	TextBox2 loaded 1 chars with 0 blanks and 1 valid
34.7824 	DEBUG 	TextBox2 loaded 1 chars with 0 blanks and 1 valid
34.8005 	DEBUG 	TextBox2 loaded 1 chars with 0 blanks and 1 valid
34.8174 	DEBUG 	TextBox2 loaded 1 chars with 0 blanks and 1 valid
34.8345 	DEBUG 	TextBox2 loaded 1 chars with 0 blanks and 1 valid
34.8522 	DEBUG 	TextBox2 loaded 1 chars with 0 blanks and 1 valid
34.8701 	DEBUG 	TextBox2 loaded 1 chars with 0 blanks and 1 valid
34.8878 	DEBUG 	TextBox2 loaded 1 chars with 0 blanks and 1 valid
34.9055 	DEBUG 	TextBox2 loaded 1 chars with 0 blanks and 1 valid
34.9231 	DEBUG 	TextBox2 loaded 1 chars with 0 blanks and 1 valid
34.9408 	DEBUG 	TextBox2 loaded 1 chars with 0 blanks and 1 valid
34.9587 	DEBUG 	TextBox2 loaded 1 chars with 0 blanks and 1 valid
34.9764 	DEBUG 	TextBox2 loaded 1 chars with 0 blanks and 1 valid
34.9941 	DEBUG 	TextBox2 loaded 1 chars with 0 blanks and 1 valid
35.0124 	DEBUG 	TextBox2 loaded 1 chars with 0 blanks and 1 valid
35.0297 	DEBUG 	TextBox2 loaded 1 chars with 0 blanks and 1 valid
35.0301 	DEBUG 	Uploading Texture Font fontname to graphics card
35.0331 	DEBUG 	Upload of Texture Font fontname complete
35.0599 	DEBUG 	TextBox2 loaded 1 chars with 0 blanks and 1 valid
35.0783 	DEBUG 	TextBox2 loaded 1 chars with 0 blanks and 1 valid
35.0969 	DEBUG 	TextBox2 loaded 1 chars with 0 blanks and 1 valid
35.0974 	DEBUG 	Uploading Texture Font fontname to graphics card
35.0979 	DEBUG 	Upload of Texture Font fontname complete
35.1007 	EXP 	window1: Attempting to measure frame rate of screen (0) ...
35.1007 	EXP 	window1: recordFrameIntervals = False
35.4942 	EXP 	window1: recordFrameIntervals = True
36.3488 	WARNING 	Couldn't measure a consistent frame rate!
  - Is your graphics card set to sync to vertical blank?
  - Are you running other processes on your computer?

36.3743 	DEBUG 	TextBox2 loaded 1 chars with 0 blanks and 1 valid
36.3924 	DEBUG 	TextBox2 loaded 1 chars with 0 blanks and 1 valid
36.4106 	DEBUG 	TextBox2 loaded 1 chars with 0 blanks and 1 valid
36.4293 	DEBUG 	TextBox2 loaded 1 chars with 0 blanks and 1 valid
36.4476 	DEBUG 	TextBox2 loaded 1 chars with 0 blanks and 1 valid
36.4660 	DEBUG 	TextBox2 loaded 1 chars with 0 blanks and 1 valid
36.4834 	DEBUG 	TextBox2 loaded 1 chars with 0 blanks and 1 valid
36.5015 	DEBUG 	TextBox2 loaded 1 chars with 0 blanks and 1 valid
36.5199 	DEBUG 	TextBox2 loaded 1 chars with 0 blanks and 1 valid
36.5380 	DEBUG 	TextBox2 loaded 1 chars with 0 blanks and 1 valid
36.5385 	DEBUG 	Uploading Texture Font fontname to graphics card
36.5418 	DEBUG 	Upload of Texture Font fontname complete
36.5966 	WARNING 	launchHubServer: If using the iohub mouse or eyetracker devices, fullScr should be True.
39.9388 	INFO 	keyboard.Keyboard is using iohub backend.
39.9389 	EXP 	turtles_categorization: status = STARTED
39.9523 	EXP 	Created radius = ShapeStim(__class__=<class 'psychopy.visual.shape.ShapeStim'>, anchor=('center', 'center'), autoDraw=False, autoLog=True, closeShape=True, color=method-wrapper(...), colorSpace='rgb', contrast=None, depth=-2.0, draggable=False, fillColor=array([0.7412, 0.4431, 0.0588]), fillColorSpace='rgb', fillRGB=array([0.7412, 0.4431, 0.0588]), interpolate=True, lineColor=array([-1.    , -1.    ,  0.0039]), lineColorSpace='rgb', lineRGB=array([-1.    , -1.    ,  0.0039]), lineWidth=1.0, name='radius', opacity=1.0, ori=0.0, pos=array([0., 0.]), size=array([0.5, 0.5]), units='height', vertices=ndarray(...), win=Window(...), windingRule=None)
0.2909 	DEBUG 	Saving data for turtles_categorization ExperimentHandler
0.2919 	INFO 	saved data to /Users/seanconway/Research/Categorization_stochastic/experiments/turtles_task_switching/data/pilot_turtles_categorization_2026-01-05_14h39.16.417.psydat
0.2923 	INFO 	saved data to '/Users/seanconway/Research/Categorization_stochastic/experiments/turtles_task_switching/data/pilot_turtles_categorization_2026-01-05_14h39.16.417.csv'
