26.7925 	DEBUG 	Fullscreen settings ignored as running in pilot mode.
26.7934 	INFO 	Loaded monitor calibration from ['2023_04_13 15:13']
27.0331 	INFO 	Using renderer 'Intel(R) Iris(TM) Plus Graphics 655' for graphics
27.0331 	INFO 	OpenGL version supported by driver is 2..
27.0534 	EXP 	Created window1 = Window(allowGUI=False, allowStencil=False, autoLog=True, backendConf=UNKNOWN, backgroundFit=<method-wrapper '__getattribute__' of attributeSetter object at 0x1474de980>, backgroundImage=<method-wrapper '__getattribute__' of attributeSetter object at 0x1474de9e0>, bitsMode=UNKNOWN, blendMode='avg', bpc=(8, 8, 8), color=array([0, 0, 0]), colorSpace='rgb', depthBits=8, fullscr=False, gamma=None, gammaErrorPolicy='raise', infoMsg=UNKNOWN, lms=UNKNOWN, monitor=<psychopy.monitors.calibTools.Monitor object at 0x1474826e0>, multiSample=False, name='window1', numSamples=2, pos=[np.float64(320.0), np.float64(150.0)], screen=0, size=array([1600, 1200]), stencilBits=0, stereo=False, title='PsychoPy', units='height', useFBO=True, useRetina=True, viewOri=0.0, viewPos=None, viewScale=None, waitBlanking=True, winType='pyglet')
27.0535 	EXP 	window1: backgroundImage = ''
27.0535 	EXP 	window1: backgroundFit = 'none'
27.0847 	DEBUG 	TextBox2 loaded 1 chars with 0 blanks and 1 valid
27.1028 	DEBUG 	TextBox2 loaded 1 chars with 0 blanks and 1 valid
27.1208 	DEBUG 	TextBox2 loaded 1 chars with 0 blanks and 1 valid
27.1390 	DEBUG 	TextBox2 loaded 1 chars with 0 blanks and 1 valid
27.1571 	DEBUG 	TextBox2 loaded 1 chars with 0 blanks and 1 valid
27.1746 	DEBUG 	TextBox2 loaded 1 chars with 0 blanks and 1 valid
27.1925 	DEBUG 	TextBox2 loaded 1 chars with 0 blanks and 1 valid
27.2109 	DEBUG 	TextBox2 loaded 1 chars with 0 blanks and 1 valid
27.2282 	DEBUG 	TextBox2 loaded 1 chars with 0 blanks and 1 valid
27.2454 	DEBUG 	TextBox2 loaded 1 chars with 0 blanks and 1 valid
27.2633 	DEBUG 	TextBox2 loaded 1 chars with 0 blanks and 1 valid
27.2814 	DEBUG 	TextBox2 loaded 1 chars with 0 blanks and 1 valid
27.2996 	DEBUG 	TextBox2 loaded 1 chars with 0 blanks and 1 valid
27.3176 	DEBUG 	TextBox2 loaded 1 chars with 0 blanks and 1 valid
27.3353 	DEBUG 	TextBox2 loaded 1 chars with 0 blanks and 1 valid
27.3532 	DEBUG 	TextBox2 loaded 1 chars with 0 blanks and 1 valid
27.3723 	DEBUG 	TextBox2 loaded 1 chars with 0 blanks and 1 valid
27.3897 	DEBUG 	TextBox2 loaded 1 chars with 0 blanks and 1 valid
27.4071 	DEBUG 	TextBox2 loaded 1 chars with 0 blanks and 1 valid
27.4254 	DEBUG 	TextBox2 loaded 1 chars with 0 blanks and 1 valid
27.4426 	DEBUG 	TextBox2 loaded 1 chars with 0 blanks and 1 valid
27.4432 	DEBUG 	Uploading Texture Font fontname to graphics card
27.4462 	DEBUG 	Upload of Texture Font fontname complete
27.4732 	DEBUG 	TextBox2 loaded 1 chars with 0 blanks and 1 valid
27.4915 	DEBUG 	TextBox2 loaded 1 chars with 0 blanks and 1 valid
27.5097 	DEBUG 	TextBox2 loaded 1 chars with 0 blanks and 1 valid
27.5101 	DEBUG 	Uploading Texture Font fontname to graphics card
27.5114 	DEBUG 	Upload of Texture Font fontname complete
27.5143 	EXP 	window1: Attempting to measure frame rate of screen (0) ...
27.5143 	EXP 	window1: recordFrameIntervals = False
27.9160 	EXP 	window1: recordFrameIntervals = True
28.0097 	EXP 	Screen (0) actual frame rate measured at 119.49Hz
28.0098 	EXP 	window1: recordFrameIntervals = False
28.0355 	DEBUG 	TextBox2 loaded 1 chars with 0 blanks and 1 valid
28.0533 	DEBUG 	TextBox2 loaded 1 chars with 0 blanks and 1 valid
28.0713 	DEBUG 	TextBox2 loaded 1 chars with 0 blanks and 1 valid
28.0899 	DEBUG 	TextBox2 loaded 1 chars with 0 blanks and 1 valid
28.1084 	DEBUG 	TextBox2 loaded 1 chars with 0 blanks and 1 valid
28.1268 	DEBUG 	TextBox2 loaded 1 chars with 0 blanks and 1 valid
28.1442 	DEBUG 	TextBox2 loaded 1 chars with 0 blanks and 1 valid
28.1623 	DEBUG 	TextBox2 loaded 1 chars with 0 blanks and 1 valid
28.1805 	DEBUG 	TextBox2 loaded 1 chars with 0 blanks and 1 valid
28.1987 	DEBUG 	TextBox2 loaded 1 chars with 0 blanks and 1 valid
28.1992 	DEBUG 	Uploading Texture Font fontname to graphics card
28.2029 	DEBUG 	Upload of Texture Font fontname complete
28.2610 	WARNING 	launchHubServer: If using the iohub mouse or eyetracker devices, fullScr should be True.
32.0340 	INFO 	keyboard.Keyboard is using iohub backend.
32.0341 	EXP 	turtles_categorization: status = STARTED
0.0844 	EXP 	Created unnamed Circle = Circle(__class__=<class 'psychopy.visual.circle.Circle'>, anchor=('center', 'center'), autoDraw=False, autoLog=True, closeShape=True, color=method-wrapper(...), colorSpace='rgb', contrast=None, depth=0, draggable=False, fillColor=array([-0.5,  0.5, -0.5]), fillColorSpace='rgb', fillRGB=array([-0.5,  0.5, -0.5]), interpolate=True, lineColor=array([-0.5,  0.5, -0.5]), lineColorSpace='rgb', lineRGB=array([-0.5,  0.5, -0.5]), lineWidth=1.5, name='unnamed Circle', opacity=1, ori=0.0, pos=array([0., 0.]), size=array([1., 1.]), units='height', vertices=ndarray(...), win=Window(...), windingRule=None)
0.0979 	INFO 	Keyboard events cleared
4.0963 	EXP 	Device response: <KeyPress from None: t=4.063983138999902, value=f, duration=None>
4.1060 	DATA 	Keypress: f
4.1190 	EXP 	turtles_categorization: status = STOPPED
4.1212 	INFO 	saved data to '/Users/seanconway/Research/Categorization_stochastic/experiments/turtles_task_switching/data/pilot_turtles_categorization_2025-12-18_09h16.14.243.csv'
4.1216 	INFO 	saved data to /Users/seanconway/Research/Categorization_stochastic/experiments/turtles_task_switching/data/pilot_turtles_categorization_2025-12-18_09h16.14.243.psydat
4.6791 	DEBUG 	Saving data for turtles_categorization ExperimentHandler
