32.5734 	DEBUG 	Fullscreen settings ignored as running in pilot mode.
32.5749 	INFO 	Loaded monitor calibration from ['2023_04_13 15:13']
32.8276 	INFO 	Using renderer 'Intel(R) Iris(TM) Plus Graphics 655' for graphics
32.8276 	INFO 	OpenGL version supported by driver is 2..
32.8501 	EXP 	Created window1 = Window(allowGUI=False, allowStencil=False, autoLog=True, backendConf=UNKNOWN, backgroundFit=<method-wrapper '__getattribute__' of attributeSetter object at 0x13d7ce980>, backgroundImage=<method-wrapper '__getattribute__' of attributeSetter object at 0x13d7ce9e0>, bitsMode=UNKNOWN, blendMode='avg', bpc=(8, 8, 8), color=array([0, 0, 0]), colorSpace='rgb', depthBits=8, fullscr=False, gamma=None, gammaErrorPolicy='raise', infoMsg=UNKNOWN, lms=UNKNOWN, monitor=<psychopy.monitors.calibTools.Monitor object at 0x13d99e6e0>, multiSample=False, name='window1', numSamples=2, pos=[np.float64(320.0), np.float64(150.0)], screen=0, size=array([1600, 1200]), stencilBits=0, stereo=False, title='PsychoPy', units='height', useFBO=True, useRetina=True, viewOri=0.0, viewPos=None, viewScale=None, waitBlanking=True, winType='pyglet')
32.8502 	EXP 	window1: backgroundImage = ''
32.8502 	EXP 	window1: backgroundFit = 'none'
32.8883 	DEBUG 	TextBox2 loaded 1 chars with 0 blanks and 1 valid
32.9064 	DEBUG 	TextBox2 loaded 1 chars with 0 blanks and 1 valid
32.9248 	DEBUG 	TextBox2 loaded 1 chars with 0 blanks and 1 valid
32.9436 	DEBUG 	TextBox2 loaded 1 chars with 0 blanks and 1 valid
32.9622 	DEBUG 	TextBox2 loaded 1 chars with 0 blanks and 1 valid
32.9800 	DEBUG 	TextBox2 loaded 1 chars with 0 blanks and 1 valid
32.9982 	DEBUG 	TextBox2 loaded 1 chars with 0 blanks and 1 valid
33.0167 	DEBUG 	TextBox2 loaded 1 chars with 0 blanks and 1 valid
33.0339 	DEBUG 	TextBox2 loaded 1 chars with 0 blanks and 1 valid
33.0513 	DEBUG 	TextBox2 loaded 1 chars with 0 blanks and 1 valid
33.0694 	DEBUG 	TextBox2 loaded 1 chars with 0 blanks and 1 valid
33.0875 	DEBUG 	TextBox2 loaded 1 chars with 0 blanks and 1 valid
33.1056 	DEBUG 	TextBox2 loaded 1 chars with 0 blanks and 1 valid
33.1239 	DEBUG 	TextBox2 loaded 1 chars with 0 blanks and 1 valid
33.1418 	DEBUG 	TextBox2 loaded 1 chars with 0 blanks and 1 valid
33.1601 	DEBUG 	TextBox2 loaded 1 chars with 0 blanks and 1 valid
33.1781 	DEBUG 	TextBox2 loaded 1 chars with 0 blanks and 1 valid
33.1956 	DEBUG 	TextBox2 loaded 1 chars with 0 blanks and 1 valid
33.2134 	DEBUG 	TextBox2 loaded 1 chars with 0 blanks and 1 valid
33.2321 	DEBUG 	TextBox2 loaded 1 chars with 0 blanks and 1 valid
33.2496 	DEBUG 	TextBox2 loaded 1 chars with 0 blanks and 1 valid
33.2501 	DEBUG 	Uploading Texture Font fontname to graphics card
33.2531 	DEBUG 	Upload of Texture Font fontname complete
33.2803 	DEBUG 	TextBox2 loaded 1 chars with 0 blanks and 1 valid
33.2990 	DEBUG 	TextBox2 loaded 1 chars with 0 blanks and 1 valid
33.3174 	DEBUG 	TextBox2 loaded 1 chars with 0 blanks and 1 valid
33.3178 	DEBUG 	Uploading Texture Font fontname to graphics card
33.3186 	DEBUG 	Upload of Texture Font fontname complete
33.3214 	EXP 	window1: Attempting to measure frame rate of screen (0) ...
33.3215 	EXP 	window1: recordFrameIntervals = False
33.7793 	EXP 	window1: recordFrameIntervals = True
33.9337 	WARNING 	t of last frame was 20.97ms (=1/47)
34.6294 	WARNING 	Couldn't measure a consistent frame rate!
  - Is your graphics card set to sync to vertical blank?
  - Are you running other processes on your computer?

34.6550 	DEBUG 	TextBox2 loaded 1 chars with 0 blanks and 1 valid
34.6728 	DEBUG 	TextBox2 loaded 1 chars with 0 blanks and 1 valid
34.6906 	DEBUG 	TextBox2 loaded 1 chars with 0 blanks and 1 valid
34.7091 	DEBUG 	TextBox2 loaded 1 chars with 0 blanks and 1 valid
34.7279 	DEBUG 	TextBox2 loaded 1 chars with 0 blanks and 1 valid
34.7464 	DEBUG 	TextBox2 loaded 1 chars with 0 blanks and 1 valid
34.7638 	DEBUG 	TextBox2 loaded 1 chars with 0 blanks and 1 valid
34.7820 	DEBUG 	TextBox2 loaded 1 chars with 0 blanks and 1 valid
34.8003 	DEBUG 	TextBox2 loaded 1 chars with 0 blanks and 1 valid
34.8183 	DEBUG 	TextBox2 loaded 1 chars with 0 blanks and 1 valid
34.8188 	DEBUG 	Uploading Texture Font fontname to graphics card
34.8222 	DEBUG 	Upload of Texture Font fontname complete
34.8850 	WARNING 	launchHubServer: If using the iohub mouse or eyetracker devices, fullScr should be True.
38.6614 	INFO 	keyboard.Keyboard is using iohub backend.
38.6615 	EXP 	turtles_categorization: status = STARTED
0.0630 	EXP 	Created unnamed Circle = Circle(__class__=<class 'psychopy.visual.circle.Circle'>, anchor=('center', 'center'), autoDraw=False, autoLog=True, closeShape=True, color=method-wrapper(...), colorSpace='rgb', contrast=None, depth=0, draggable=False, fillColor=array([-0.5,  0.5, -0.5]), fillColorSpace='rgb', fillRGB=array([-0.5,  0.5, -0.5]), interpolate=True, lineColor=array([-0.5,  0.5, -0.5]), lineColorSpace='rgb', lineRGB=array([-0.5,  0.5, -0.5]), lineWidth=1.5, name='unnamed Circle', opacity=1, ori=0.0, pos=array([0., 0.]), size=array([1., 1.]), units='height', vertices=ndarray(...), win=Window(...), windingRule=None)
0.0788 	INFO 	Keyboard events cleared
0.0776 	WARNING 	t of last frame was 71.35ms (=1/14)
0.2042 	WARNING 	t of last frame was 24.05ms (=1/41)
0.4919 	WARNING 	t of last frame was 30.14ms (=1/33)
0.5873 	WARNING 	Multiple dropped frames have occurred - I'll stop bothering you about them!
2.3186 	EXP 	Device response: <KeyPress from None: t=2.2933264049934223, value=f, duration=None>
2.3238 	DATA 	Keypress: f
2.3383 	EXP 	turtles_categorization: status = STOPPED
2.3405 	INFO 	saved data to '/Users/seanconway/Research/Categorization_stochastic/experiments/turtles_task_switching/data/pilot_turtles_categorization_2025-12-18_09h19.30.318.csv'
2.3409 	INFO 	saved data to /Users/seanconway/Research/Categorization_stochastic/experiments/turtles_task_switching/data/pilot_turtles_categorization_2025-12-18_09h19.30.318.psydat
2.8162 	DEBUG 	Saving data for turtles_categorization ExperimentHandler
