105.8263 	DEBUG 	Fullscreen settings ignored as running in pilot mode.
105.8287 	INFO 	Loaded monitor calibration from ['2023_04_13 15:13']
106.0824 	INFO 	Using renderer 'Intel(R) Iris(TM) Plus Graphics 655' for graphics
106.0824 	INFO 	OpenGL version supported by driver is 2..
106.1045 	EXP 	Created window1 = Window(allowGUI=False, allowStencil=False, autoLog=True, backendConf=UNKNOWN, backgroundFit=<method-wrapper '__getattribute__' of attributeSetter object at 0x13db67430>, backgroundImage=<method-wrapper '__getattribute__' of attributeSetter object at 0x13db67490>, bitsMode=UNKNOWN, blendMode='avg', bpc=(8, 8, 8), color=array([0, 0, 0]), colorSpace='rgb', depthBits=8, fullscr=False, gamma=None, gammaErrorPolicy='raise', infoMsg=UNKNOWN, lms=UNKNOWN, monitor=<psychopy.monitors.calibTools.Monitor object at 0x13db36740>, multiSample=False, name='window1', numSamples=2, pos=[np.float64(320.0), np.float64(150.0)], screen=0, size=array([1600, 1200]), stencilBits=0, stereo=False, title='PsychoPy', units='height', useFBO=True, useRetina=True, viewOri=0.0, viewPos=None, viewScale=None, waitBlanking=True, winType='pyglet')
106.1046 	EXP 	window1: backgroundImage = ''
106.1046 	EXP 	window1: backgroundFit = 'none'
106.1419 	DEBUG 	TextBox2 loaded 1 chars with 0 blanks and 1 valid
106.1601 	DEBUG 	TextBox2 loaded 1 chars with 0 blanks and 1 valid
106.1802 	DEBUG 	TextBox2 loaded 1 chars with 0 blanks and 1 valid
106.1984 	DEBUG 	TextBox2 loaded 1 chars with 0 blanks and 1 valid
106.2165 	DEBUG 	TextBox2 loaded 1 chars with 0 blanks and 1 valid
106.2337 	DEBUG 	TextBox2 loaded 1 chars with 0 blanks and 1 valid
106.2514 	DEBUG 	TextBox2 loaded 1 chars with 0 blanks and 1 valid
106.2697 	DEBUG 	TextBox2 loaded 1 chars with 0 blanks and 1 valid
106.2868 	DEBUG 	TextBox2 loaded 1 chars with 0 blanks and 1 valid
106.3039 	DEBUG 	TextBox2 loaded 1 chars with 0 blanks and 1 valid
106.3217 	DEBUG 	TextBox2 loaded 1 chars with 0 blanks and 1 valid
106.3396 	DEBUG 	TextBox2 loaded 1 chars with 0 blanks and 1 valid
106.3574 	DEBUG 	TextBox2 loaded 1 chars with 0 blanks and 1 valid
106.3757 	DEBUG 	TextBox2 loaded 1 chars with 0 blanks and 1 valid
106.3936 	DEBUG 	TextBox2 loaded 1 chars with 0 blanks and 1 valid
106.4120 	DEBUG 	TextBox2 loaded 1 chars with 0 blanks and 1 valid
106.4298 	DEBUG 	TextBox2 loaded 1 chars with 0 blanks and 1 valid
106.4471 	DEBUG 	TextBox2 loaded 1 chars with 0 blanks and 1 valid
106.4644 	DEBUG 	TextBox2 loaded 1 chars with 0 blanks and 1 valid
106.4828 	DEBUG 	TextBox2 loaded 1 chars with 0 blanks and 1 valid
106.5000 	DEBUG 	TextBox2 loaded 1 chars with 0 blanks and 1 valid
106.5005 	DEBUG 	Uploading Texture Font fontname to graphics card
106.5036 	DEBUG 	Upload of Texture Font fontname complete
106.5310 	DEBUG 	TextBox2 loaded 1 chars with 0 blanks and 1 valid
106.5492 	DEBUG 	TextBox2 loaded 1 chars with 0 blanks and 1 valid
106.5675 	DEBUG 	TextBox2 loaded 1 chars with 0 blanks and 1 valid
106.5680 	DEBUG 	Uploading Texture Font fontname to graphics card
106.5690 	DEBUG 	Upload of Texture Font fontname complete
106.5719 	EXP 	window1: Attempting to measure frame rate of screen (0) ...
106.5719 	EXP 	window1: recordFrameIntervals = False
107.0268 	EXP 	window1: recordFrameIntervals = True
107.1272 	EXP 	Screen (0) actual frame rate measured at 120.52Hz
107.1273 	EXP 	window1: recordFrameIntervals = False
107.1530 	DEBUG 	TextBox2 loaded 1 chars with 0 blanks and 1 valid
107.1707 	DEBUG 	TextBox2 loaded 1 chars with 0 blanks and 1 valid
107.1885 	DEBUG 	TextBox2 loaded 1 chars with 0 blanks and 1 valid
107.2068 	DEBUG 	TextBox2 loaded 1 chars with 0 blanks and 1 valid
107.2251 	DEBUG 	TextBox2 loaded 1 chars with 0 blanks and 1 valid
107.2433 	DEBUG 	TextBox2 loaded 1 chars with 0 blanks and 1 valid
107.2608 	DEBUG 	TextBox2 loaded 1 chars with 0 blanks and 1 valid
107.2788 	DEBUG 	TextBox2 loaded 1 chars with 0 blanks and 1 valid
107.2969 	DEBUG 	TextBox2 loaded 1 chars with 0 blanks and 1 valid
107.3149 	DEBUG 	TextBox2 loaded 1 chars with 0 blanks and 1 valid
107.3154 	DEBUG 	Uploading Texture Font fontname to graphics card
107.3188 	DEBUG 	Upload of Texture Font fontname complete
107.3829 	WARNING 	launchHubServer: If using the iohub mouse or eyetracker devices, fullScr should be True.
111.4623 	INFO 	keyboard.Keyboard is using iohub backend.
111.4624 	EXP 	turtles_categorization: status = STARTED
0.1181 	EXP 	Created unnamed Circle = Circle(__class__=<class 'psychopy.visual.circle.Circle'>, anchor=('center', 'center'), autoDraw=False, autoLog=True, closeShape=True, color=method-wrapper(...), colorSpace='rgb', contrast=None, depth=0, draggable=False, fillColor=array([-0.5,  0.5, -0.5]), fillColorSpace='rgb', fillRGB=array([-0.5,  0.5, -0.5]), interpolate=True, lineColor=array([-0.5,  0.5, -0.5]), lineColorSpace='rgb', lineRGB=array([-0.5,  0.5, -0.5]), lineWidth=1.5, name='unnamed Circle', opacity=1, ori=0.0, pos=array([0., 0.]), size=array([1., 1.]), units='height', vertices=ndarray(...), win=Window(...), windingRule=None)
0.1461 	INFO 	Keyboard events cleared
5.3765 	EXP 	Device response: <KeyPress from None: t=4.246799836982973, value=f, duration=None>
5.3867 	EXP 	turtles_categorization: status = STOPPED
5.3889 	INFO 	saved data to '/Users/seanconway/Research/Categorization_stochastic/experiments/turtles_task_switching/data/pilot_turtles_categorization_2025-12-18_09h12.40.474.csv'
5.3894 	INFO 	saved data to /Users/seanconway/Research/Categorization_stochastic/experiments/turtles_task_switching/data/pilot_turtles_categorization_2025-12-18_09h12.40.474.psydat
6.0674 	DEBUG 	Saving data for turtles_categorization ExperimentHandler
