28.6563 	DEBUG 	Fullscreen settings ignored as running in pilot mode.
28.6578 	INFO 	Loaded monitor calibration from ['2023_04_13 15:13']
28.9109 	INFO 	Using renderer 'Intel(R) Iris(TM) Plus Graphics 655' for graphics
28.9109 	INFO 	OpenGL version supported by driver is 2..
28.9316 	EXP 	Created window1 = Window(allowGUI=False, allowStencil=False, autoLog=True, backendConf=UNKNOWN, backgroundFit=<method-wrapper '__getattribute__' of attributeSetter object at 0x13d3af430>, backgroundImage=<method-wrapper '__getattribute__' of attributeSetter object at 0x13d3af490>, bitsMode=UNKNOWN, blendMode='avg', bpc=(8, 8, 8), color=array([0, 0, 0]), colorSpace='rgb', depthBits=8, fullscr=False, gamma=None, gammaErrorPolicy='raise', infoMsg=UNKNOWN, lms=UNKNOWN, monitor=<psychopy.monitors.calibTools.Monitor object at 0x13d146770>, multiSample=False, name='window1', numSamples=2, pos=[np.float64(320.0), np.float64(150.0)], screen=0, size=array([1600, 1200]), stencilBits=0, stereo=False, title='PsychoPy', units='height', useFBO=True, useRetina=True, viewOri=0.0, viewPos=None, viewScale=None, waitBlanking=True, winType='pyglet')
28.9317 	EXP 	window1: backgroundImage = ''
28.9317 	EXP 	window1: backgroundFit = 'none'
28.9660 	DEBUG 	TextBox2 loaded 1 chars with 0 blanks and 1 valid
28.9839 	DEBUG 	TextBox2 loaded 1 chars with 0 blanks and 1 valid
29.0017 	DEBUG 	TextBox2 loaded 1 chars with 0 blanks and 1 valid
29.0198 	DEBUG 	TextBox2 loaded 1 chars with 0 blanks and 1 valid
29.0378 	DEBUG 	TextBox2 loaded 1 chars with 0 blanks and 1 valid
29.0550 	DEBUG 	TextBox2 loaded 1 chars with 0 blanks and 1 valid
29.0727 	DEBUG 	TextBox2 loaded 1 chars with 0 blanks and 1 valid
29.0910 	DEBUG 	TextBox2 loaded 1 chars with 0 blanks and 1 valid
29.1081 	DEBUG 	TextBox2 loaded 1 chars with 0 blanks and 1 valid
29.1253 	DEBUG 	TextBox2 loaded 1 chars with 0 blanks and 1 valid
29.1434 	DEBUG 	TextBox2 loaded 1 chars with 0 blanks and 1 valid
29.1621 	DEBUG 	TextBox2 loaded 1 chars with 0 blanks and 1 valid
29.1800 	DEBUG 	TextBox2 loaded 1 chars with 0 blanks and 1 valid
29.1979 	DEBUG 	TextBox2 loaded 1 chars with 0 blanks and 1 valid
29.2154 	DEBUG 	TextBox2 loaded 1 chars with 0 blanks and 1 valid
29.2333 	DEBUG 	TextBox2 loaded 1 chars with 0 blanks and 1 valid
29.2511 	DEBUG 	TextBox2 loaded 1 chars with 0 blanks and 1 valid
29.2685 	DEBUG 	TextBox2 loaded 1 chars with 0 blanks and 1 valid
29.2861 	DEBUG 	TextBox2 loaded 1 chars with 0 blanks and 1 valid
29.3046 	DEBUG 	TextBox2 loaded 1 chars with 0 blanks and 1 valid
29.3221 	DEBUG 	TextBox2 loaded 1 chars with 0 blanks and 1 valid
29.3227 	DEBUG 	Uploading Texture Font fontname to graphics card
29.3256 	DEBUG 	Upload of Texture Font fontname complete
29.3525 	DEBUG 	TextBox2 loaded 1 chars with 0 blanks and 1 valid
29.3708 	DEBUG 	TextBox2 loaded 1 chars with 0 blanks and 1 valid
29.3889 	DEBUG 	TextBox2 loaded 1 chars with 0 blanks and 1 valid
29.3893 	DEBUG 	Uploading Texture Font fontname to graphics card
29.3903 	DEBUG 	Upload of Texture Font fontname complete
29.3931 	EXP 	window1: Attempting to measure frame rate of screen (0) ...
29.3932 	EXP 	window1: recordFrameIntervals = False
29.8675 	EXP 	window1: recordFrameIntervals = True
30.0088 	WARNING 	t of last frame was 31.32ms (=1/31)
30.1234 	EXP 	Screen (0) actual frame rate measured at 121.33Hz
30.1235 	EXP 	window1: recordFrameIntervals = False
30.1498 	DEBUG 	TextBox2 loaded 1 chars with 0 blanks and 1 valid
30.1677 	DEBUG 	TextBox2 loaded 1 chars with 0 blanks and 1 valid
30.1859 	DEBUG 	TextBox2 loaded 1 chars with 0 blanks and 1 valid
30.2044 	DEBUG 	TextBox2 loaded 1 chars with 0 blanks and 1 valid
30.2229 	DEBUG 	TextBox2 loaded 1 chars with 0 blanks and 1 valid
30.2412 	DEBUG 	TextBox2 loaded 1 chars with 0 blanks and 1 valid
30.2586 	DEBUG 	TextBox2 loaded 1 chars with 0 blanks and 1 valid
30.2767 	DEBUG 	TextBox2 loaded 1 chars with 0 blanks and 1 valid
30.2949 	DEBUG 	TextBox2 loaded 1 chars with 0 blanks and 1 valid
30.3130 	DEBUG 	TextBox2 loaded 1 chars with 0 blanks and 1 valid
30.3135 	DEBUG 	Uploading Texture Font fontname to graphics card
30.3167 	DEBUG 	Upload of Texture Font fontname complete
30.3671 	WARNING 	launchHubServer: If using the iohub mouse or eyetracker devices, fullScr should be True.
33.3338 	INFO 	keyboard.Keyboard is using iohub backend.
33.3339 	EXP 	turtles_categorization: status = STARTED
0.0282 	EXP 	window1: units = 'pix'
0.0657 	EXP 	Created unnamed Circle = Circle(__class__=<class 'psychopy.visual.circle.Circle'>, anchor=('center', 'center'), autoDraw=False, autoLog=True, closeShape=True, color=method-wrapper(...), colorSpace='rgb', contrast=None, depth=0, draggable=False, fillColor=array([-0.5,  0.5, -0.5]), fillColorSpace='rgb', fillRGB=array([-0.5,  0.5, -0.5]), interpolate=True, lineColor=array([-0.5,  0.5, -0.5]), lineColorSpace='rgb', lineRGB=array([-0.5,  0.5, -0.5]), lineWidth=1.5, name='unnamed Circle', opacity=1, ori=0.0, pos=array([0., 0.]), size=array([1., 1.]), units='pix', vertices=ndarray(...), win=Window(...), windingRule=None)
0.0813 	INFO 	Keyboard events cleared
0.0847 	EXP 	window1: units = 'pix'
0.1106 	EXP 	Created unnamed Circle = Circle(__class__=<class 'psychopy.visual.circle.Circle'>, anchor=('center', 'center'), autoDraw=False, autoLog=True, closeShape=True, color=method-wrapper(...), colorSpace='rgb', contrast=None, depth=0, draggable=False, fillColor=array([-0.5,  0.5, -0.5]), fillColorSpace='rgb', fillRGB=array([-0.5,  0.5, -0.5]), interpolate=True, lineColor=array([-0.5,  0.5, -0.5]), lineColorSpace='rgb', lineRGB=array([-0.5,  0.5, -0.5]), lineWidth=1.5, name='unnamed Circle', opacity=1, ori=0.0, pos=array([0., 0.]), size=array([1., 1.]), units='pix', vertices=ndarray(...), win=Window(...), windingRule=None)
0.1297 	EXP 	window1: units = 'pix'
0.1550 	EXP 	Created unnamed Circle = Circle(__class__=<class 'psychopy.visual.circle.Circle'>, anchor=('center', 'center'), autoDraw=False, autoLog=True, closeShape=True, color=method-wrapper(...), colorSpace='rgb', contrast=None, depth=0, draggable=False, fillColor=array([-0.5,  0.5, -0.5]), fillColorSpace='rgb', fillRGB=array([-0.5,  0.5, -0.5]), interpolate=True, lineColor=array([-0.5,  0.5, -0.5]), lineColorSpace='rgb', lineRGB=array([-0.5,  0.5, -0.5]), lineWidth=1.5, name='unnamed Circle', opacity=1, ori=0.0, pos=array([0., 0.]), size=array([1., 1.]), units='pix', vertices=ndarray(...), win=Window(...), windingRule=None)
0.1738 	EXP 	window1: units = 'pix'
0.1990 	EXP 	Created unnamed Circle = Circle(__class__=<class 'psychopy.visual.circle.Circle'>, anchor=('center', 'center'), autoDraw=False, autoLog=True, closeShape=True, color=method-wrapper(...), colorSpace='rgb', contrast=None, depth=0, draggable=False, fillColor=array([-0.5,  0.5, -0.5]), fillColorSpace='rgb', fillRGB=array([-0.5,  0.5, -0.5]), interpolate=True, lineColor=array([-0.5,  0.5, -0.5]), lineColorSpace='rgb', lineRGB=array([-0.5,  0.5, -0.5]), lineWidth=1.5, name='unnamed Circle', opacity=1, ori=0.0, pos=array([0., 0.]), size=array([1., 1.]), units='pix', vertices=ndarray(...), win=Window(...), windingRule=None)
0.2177 	EXP 	window1: units = 'pix'
0.2428 	EXP 	Created unnamed Circle = Circle(__class__=<class 'psychopy.visual.circle.Circle'>, anchor=('center', 'center'), autoDraw=False, autoLog=True, closeShape=True, color=method-wrapper(...), colorSpace='rgb', contrast=None, depth=0, draggable=False, fillColor=array([-0.5,  0.5, -0.5]), fillColorSpace='rgb', fillRGB=array([-0.5,  0.5, -0.5]), interpolate=True, lineColor=array([-0.5,  0.5, -0.5]), lineColorSpace='rgb', lineRGB=array([-0.5,  0.5, -0.5]), lineWidth=1.5, name='unnamed Circle', opacity=1, ori=0.0, pos=array([0., 0.]), size=array([1., 1.]), units='pix', vertices=ndarray(...), win=Window(...), windingRule=None)
0.2618 	EXP 	window1: units = 'pix'
0.2870 	EXP 	Created unnamed Circle = Circle(__class__=<class 'psychopy.visual.circle.Circle'>, anchor=('center', 'center'), autoDraw=False, autoLog=True, closeShape=True, color=method-wrapper(...), colorSpace='rgb', contrast=None, depth=0, draggable=False, fillColor=array([-0.5,  0.5, -0.5]), fillColorSpace='rgb', fillRGB=array([-0.5,  0.5, -0.5]), interpolate=True, lineColor=array([-0.5,  0.5, -0.5]), lineColorSpace='rgb', lineRGB=array([-0.5,  0.5, -0.5]), lineWidth=1.5, name='unnamed Circle', opacity=1, ori=0.0, pos=array([0., 0.]), size=array([1., 1.]), units='pix', vertices=ndarray(...), win=Window(...), windingRule=None)
0.3050 	EXP 	window1: units = 'pix'
0.3302 	EXP 	Created unnamed Circle = Circle(__class__=<class 'psychopy.visual.circle.Circle'>, anchor=('center', 'center'), autoDraw=False, autoLog=True, closeShape=True, color=method-wrapper(...), colorSpace='rgb', contrast=None, depth=0, draggable=False, fillColor=array([-0.5,  0.5, -0.5]), fillColorSpace='rgb', fillRGB=array([-0.5,  0.5, -0.5]), interpolate=True, lineColor=array([-0.5,  0.5, -0.5]), lineColorSpace='rgb', lineRGB=array([-0.5,  0.5, -0.5]), lineWidth=1.5, name='unnamed Circle', opacity=1, ori=0.0, pos=array([0., 0.]), size=array([1., 1.]), units='pix', vertices=ndarray(...), win=Window(...), windingRule=None)
0.3491 	EXP 	window1: units = 'pix'
0.3742 	EXP 	Created unnamed Circle = Circle(__class__=<class 'psychopy.visual.circle.Circle'>, anchor=('center', 'center'), autoDraw=False, autoLog=True, closeShape=True, color=method-wrapper(...), colorSpace='rgb', contrast=None, depth=0, draggable=False, fillColor=array([-0.5,  0.5, -0.5]), fillColorSpace='rgb', fillRGB=array([-0.5,  0.5, -0.5]), interpolate=True, lineColor=array([-0.5,  0.5, -0.5]), lineColorSpace='rgb', lineRGB=array([-0.5,  0.5, -0.5]), lineWidth=1.5, name='unnamed Circle', opacity=1, ori=0.0, pos=array([0., 0.]), size=array([1., 1.]), units='pix', vertices=ndarray(...), win=Window(...), windingRule=None)
0.3929 	EXP 	window1: units = 'pix'
0.4180 	EXP 	Created unnamed Circle = Circle(__class__=<class 'psychopy.visual.circle.Circle'>, anchor=('center', 'center'), autoDraw=False, autoLog=True, closeShape=True, color=method-wrapper(...), colorSpace='rgb', contrast=None, depth=0, draggable=False, fillColor=array([-0.5,  0.5, -0.5]), fillColorSpace='rgb', fillRGB=array([-0.5,  0.5, -0.5]), interpolate=True, lineColor=array([-0.5,  0.5, -0.5]), lineColorSpace='rgb', lineRGB=array([-0.5,  0.5, -0.5]), lineWidth=1.5, name='unnamed Circle', opacity=1, ori=0.0, pos=array([0., 0.]), size=array([1., 1.]), units='pix', vertices=ndarray(...), win=Window(...), windingRule=None)
0.4372 	EXP 	window1: units = 'pix'
0.4622 	EXP 	Created unnamed Circle = Circle(__class__=<class 'psychopy.visual.circle.Circle'>, anchor=('center', 'center'), autoDraw=False, autoLog=True, closeShape=True, color=method-wrapper(...), colorSpace='rgb', contrast=None, depth=0, draggable=False, fillColor=array([-0.5,  0.5, -0.5]), fillColorSpace='rgb', fillRGB=array([-0.5,  0.5, -0.5]), interpolate=True, lineColor=array([-0.5,  0.5, -0.5]), lineColorSpace='rgb', lineRGB=array([-0.5,  0.5, -0.5]), lineWidth=1.5, name='unnamed Circle', opacity=1, ori=0.0, pos=array([0., 0.]), size=array([1., 1.]), units='pix', vertices=ndarray(...), win=Window(...), windingRule=None)
0.4810 	EXP 	window1: units = 'pix'
0.5061 	EXP 	Created unnamed Circle = Circle(__class__=<class 'psychopy.visual.circle.Circle'>, anchor=('center', 'center'), autoDraw=False, autoLog=True, closeShape=True, color=method-wrapper(...), colorSpace='rgb', contrast=None, depth=0, draggable=False, fillColor=array([-0.5,  0.5, -0.5]), fillColorSpace='rgb', fillRGB=array([-0.5,  0.5, -0.5]), interpolate=True, lineColor=array([-0.5,  0.5, -0.5]), lineColorSpace='rgb', lineRGB=array([-0.5,  0.5, -0.5]), lineWidth=1.5, name='unnamed Circle', opacity=1, ori=0.0, pos=array([0., 0.]), size=array([1., 1.]), units='pix', vertices=ndarray(...), win=Window(...), windingRule=None)
0.5242 	EXP 	window1: units = 'pix'
0.5504 	EXP 	Created unnamed Circle = Circle(__class__=<class 'psychopy.visual.circle.Circle'>, anchor=('center', 'center'), autoDraw=False, autoLog=True, closeShape=True, color=method-wrapper(...), colorSpace='rgb', contrast=None, depth=0, draggable=False, fillColor=array([-0.5,  0.5, -0.5]), fillColorSpace='rgb', fillRGB=array([-0.5,  0.5, -0.5]), interpolate=True, lineColor=array([-0.5,  0.5, -0.5]), lineColorSpace='rgb', lineRGB=array([-0.5,  0.5, -0.5]), lineWidth=1.5, name='unnamed Circle', opacity=1, ori=0.0, pos=array([0., 0.]), size=array([1., 1.]), units='pix', vertices=ndarray(...), win=Window(...), windingRule=None)
0.5693 	EXP 	window1: units = 'pix'
0.5945 	EXP 	Created unnamed Circle = Circle(__class__=<class 'psychopy.visual.circle.Circle'>, anchor=('center', 'center'), autoDraw=False, autoLog=True, closeShape=True, color=method-wrapper(...), colorSpace='rgb', contrast=None, depth=0, draggable=False, fillColor=array([-0.5,  0.5, -0.5]), fillColorSpace='rgb', fillRGB=array([-0.5,  0.5, -0.5]), interpolate=True, lineColor=array([-0.5,  0.5, -0.5]), lineColorSpace='rgb', lineRGB=array([-0.5,  0.5, -0.5]), lineWidth=1.5, name='unnamed Circle', opacity=1, ori=0.0, pos=array([0., 0.]), size=array([1., 1.]), units='pix', vertices=ndarray(...), win=Window(...), windingRule=None)
0.6134 	EXP 	window1: units = 'pix'
0.6387 	EXP 	Created unnamed Circle = Circle(__class__=<class 'psychopy.visual.circle.Circle'>, anchor=('center', 'center'), autoDraw=False, autoLog=True, closeShape=True, color=method-wrapper(...), colorSpace='rgb', contrast=None, depth=0, draggable=False, fillColor=array([-0.5,  0.5, -0.5]), fillColorSpace='rgb', fillRGB=array([-0.5,  0.5, -0.5]), interpolate=True, lineColor=array([-0.5,  0.5, -0.5]), lineColorSpace='rgb', lineRGB=array([-0.5,  0.5, -0.5]), lineWidth=1.5, name='unnamed Circle', opacity=1, ori=0.0, pos=array([0., 0.]), size=array([1., 1.]), units='pix', vertices=ndarray(...), win=Window(...), windingRule=None)
0.6574 	EXP 	window1: units = 'pix'
0.6821 	EXP 	Created unnamed Circle = Circle(__class__=<class 'psychopy.visual.circle.Circle'>, anchor=('center', 'center'), autoDraw=False, autoLog=True, closeShape=True, color=method-wrapper(...), colorSpace='rgb', contrast=None, depth=0, draggable=False, fillColor=array([-0.5,  0.5, -0.5]), fillColorSpace='rgb', fillRGB=array([-0.5,  0.5, -0.5]), interpolate=True, lineColor=array([-0.5,  0.5, -0.5]), lineColorSpace='rgb', lineRGB=array([-0.5,  0.5, -0.5]), lineWidth=1.5, name='unnamed Circle', opacity=1, ori=0.0, pos=array([0., 0.]), size=array([1., 1.]), units='pix', vertices=ndarray(...), win=Window(...), windingRule=None)
0.7008 	EXP 	window1: units = 'pix'
0.7260 	EXP 	Created unnamed Circle = Circle(__class__=<class 'psychopy.visual.circle.Circle'>, anchor=('center', 'center'), autoDraw=False, autoLog=True, closeShape=True, color=method-wrapper(...), colorSpace='rgb', contrast=None, depth=0, draggable=False, fillColor=array([-0.5,  0.5, -0.5]), fillColorSpace='rgb', fillRGB=array([-0.5,  0.5, -0.5]), interpolate=True, lineColor=array([-0.5,  0.5, -0.5]), lineColorSpace='rgb', lineRGB=array([-0.5,  0.5, -0.5]), lineWidth=1.5, name='unnamed Circle', opacity=1, ori=0.0, pos=array([0., 0.]), size=array([1., 1.]), units='pix', vertices=ndarray(...), win=Window(...), windingRule=None)
0.7437 	EXP 	window1: units = 'pix'
0.7692 	EXP 	Created unnamed Circle = Circle(__class__=<class 'psychopy.visual.circle.Circle'>, anchor=('center', 'center'), autoDraw=False, autoLog=True, closeShape=True, color=method-wrapper(...), colorSpace='rgb', contrast=None, depth=0, draggable=False, fillColor=array([-0.5,  0.5, -0.5]), fillColorSpace='rgb', fillRGB=array([-0.5,  0.5, -0.5]), interpolate=True, lineColor=array([-0.5,  0.5, -0.5]), lineColorSpace='rgb', lineRGB=array([-0.5,  0.5, -0.5]), lineWidth=1.5, name='unnamed Circle', opacity=1, ori=0.0, pos=array([0., 0.]), size=array([1., 1.]), units='pix', vertices=ndarray(...), win=Window(...), windingRule=None)
0.7882 	EXP 	window1: units = 'pix'
0.8133 	EXP 	Created unnamed Circle = Circle(__class__=<class 'psychopy.visual.circle.Circle'>, anchor=('center', 'center'), autoDraw=False, autoLog=True, closeShape=True, color=method-wrapper(...), colorSpace='rgb', contrast=None, depth=0, draggable=False, fillColor=array([-0.5,  0.5, -0.5]), fillColorSpace='rgb', fillRGB=array([-0.5,  0.5, -0.5]), interpolate=True, lineColor=array([-0.5,  0.5, -0.5]), lineColorSpace='rgb', lineRGB=array([-0.5,  0.5, -0.5]), lineWidth=1.5, name='unnamed Circle', opacity=1, ori=0.0, pos=array([0., 0.]), size=array([1., 1.]), units='pix', vertices=ndarray(...), win=Window(...), windingRule=None)
0.8342 	EXP 	window1: units = 'pix'
0.8593 	EXP 	Created unnamed Circle = Circle(__class__=<class 'psychopy.visual.circle.Circle'>, anchor=('center', 'center'), autoDraw=False, autoLog=True, closeShape=True, color=method-wrapper(...), colorSpace='rgb', contrast=None, depth=0, draggable=False, fillColor=array([-0.5,  0.5, -0.5]), fillColorSpace='rgb', fillRGB=array([-0.5,  0.5, -0.5]), interpolate=True, lineColor=array([-0.5,  0.5, -0.5]), lineColorSpace='rgb', lineRGB=array([-0.5,  0.5, -0.5]), lineWidth=1.5, name='unnamed Circle', opacity=1, ori=0.0, pos=array([0., 0.]), size=array([1., 1.]), units='pix', vertices=ndarray(...), win=Window(...), windingRule=None)
0.8778 	EXP 	window1: units = 'pix'
0.9027 	EXP 	Created unnamed Circle = Circle(__class__=<class 'psychopy.visual.circle.Circle'>, anchor=('center', 'center'), autoDraw=False, autoLog=True, closeShape=True, color=method-wrapper(...), colorSpace='rgb', contrast=None, depth=0, draggable=False, fillColor=array([-0.5,  0.5, -0.5]), fillColorSpace='rgb', fillRGB=array([-0.5,  0.5, -0.5]), interpolate=True, lineColor=array([-0.5,  0.5, -0.5]), lineColorSpace='rgb', lineRGB=array([-0.5,  0.5, -0.5]), lineWidth=1.5, name='unnamed Circle', opacity=1, ori=0.0, pos=array([0., 0.]), size=array([1., 1.]), units='pix', vertices=ndarray(...), win=Window(...), windingRule=None)
0.9216 	EXP 	window1: units = 'pix'
0.9468 	EXP 	Created unnamed Circle = Circle(__class__=<class 'psychopy.visual.circle.Circle'>, anchor=('center', 'center'), autoDraw=False, autoLog=True, closeShape=True, color=method-wrapper(...), colorSpace='rgb', contrast=None, depth=0, draggable=False, fillColor=array([-0.5,  0.5, -0.5]), fillColorSpace='rgb', fillRGB=array([-0.5,  0.5, -0.5]), interpolate=True, lineColor=array([-0.5,  0.5, -0.5]), lineColorSpace='rgb', lineRGB=array([-0.5,  0.5, -0.5]), lineWidth=1.5, name='unnamed Circle', opacity=1, ori=0.0, pos=array([0., 0.]), size=array([1., 1.]), units='pix', vertices=ndarray(...), win=Window(...), windingRule=None)
0.9647 	EXP 	window1: units = 'pix'
0.9901 	EXP 	Created unnamed Circle = Circle(__class__=<class 'psychopy.visual.circle.Circle'>, anchor=('center', 'center'), autoDraw=False, autoLog=True, closeShape=True, color=method-wrapper(...), colorSpace='rgb', contrast=None, depth=0, draggable=False, fillColor=array([-0.5,  0.5, -0.5]), fillColorSpace='rgb', fillRGB=array([-0.5,  0.5, -0.5]), interpolate=True, lineColor=array([-0.5,  0.5, -0.5]), lineColorSpace='rgb', lineRGB=array([-0.5,  0.5, -0.5]), lineWidth=1.5, name='unnamed Circle', opacity=1, ori=0.0, pos=array([0., 0.]), size=array([1., 1.]), units='pix', vertices=ndarray(...), win=Window(...), windingRule=None)
1.0090 	EXP 	window1: units = 'pix'
1.0340 	EXP 	Created unnamed Circle = Circle(__class__=<class 'psychopy.visual.circle.Circle'>, anchor=('center', 'center'), autoDraw=False, autoLog=True, closeShape=True, color=method-wrapper(...), colorSpace='rgb', contrast=None, depth=0, draggable=False, fillColor=array([-0.5,  0.5, -0.5]), fillColorSpace='rgb', fillRGB=array([-0.5,  0.5, -0.5]), interpolate=True, lineColor=array([-0.5,  0.5, -0.5]), lineColorSpace='rgb', lineRGB=array([-0.5,  0.5, -0.5]), lineWidth=1.5, name='unnamed Circle', opacity=1, ori=0.0, pos=array([0., 0.]), size=array([1., 1.]), units='pix', vertices=ndarray(...), win=Window(...), windingRule=None)
1.0531 	EXP 	window1: units = 'pix'
1.0787 	EXP 	Created unnamed Circle = Circle(__class__=<class 'psychopy.visual.circle.Circle'>, anchor=('center', 'center'), autoDraw=False, autoLog=True, closeShape=True, color=method-wrapper(...), colorSpace='rgb', contrast=None, depth=0, draggable=False, fillColor=array([-0.5,  0.5, -0.5]), fillColorSpace='rgb', fillRGB=array([-0.5,  0.5, -0.5]), interpolate=True, lineColor=array([-0.5,  0.5, -0.5]), lineColorSpace='rgb', lineRGB=array([-0.5,  0.5, -0.5]), lineWidth=1.5, name='unnamed Circle', opacity=1, ori=0.0, pos=array([0., 0.]), size=array([1., 1.]), units='pix', vertices=ndarray(...), win=Window(...), windingRule=None)
1.0979 	EXP 	window1: units = 'pix'
1.1229 	EXP 	Created unnamed Circle = Circle(__class__=<class 'psychopy.visual.circle.Circle'>, anchor=('center', 'center'), autoDraw=False, autoLog=True, closeShape=True, color=method-wrapper(...), colorSpace='rgb', contrast=None, depth=0, draggable=False, fillColor=array([-0.5,  0.5, -0.5]), fillColorSpace='rgb', fillRGB=array([-0.5,  0.5, -0.5]), interpolate=True, lineColor=array([-0.5,  0.5, -0.5]), lineColorSpace='rgb', lineRGB=array([-0.5,  0.5, -0.5]), lineWidth=1.5, name='unnamed Circle', opacity=1, ori=0.0, pos=array([0., 0.]), size=array([1., 1.]), units='pix', vertices=ndarray(...), win=Window(...), windingRule=None)
1.1418 	EXP 	window1: units = 'pix'
1.1672 	EXP 	Created unnamed Circle = Circle(__class__=<class 'psychopy.visual.circle.Circle'>, anchor=('center', 'center'), autoDraw=False, autoLog=True, closeShape=True, color=method-wrapper(...), colorSpace='rgb', contrast=None, depth=0, draggable=False, fillColor=array([-0.5,  0.5, -0.5]), fillColorSpace='rgb', fillRGB=array([-0.5,  0.5, -0.5]), interpolate=True, lineColor=array([-0.5,  0.5, -0.5]), lineColorSpace='rgb', lineRGB=array([-0.5,  0.5, -0.5]), lineWidth=1.5, name='unnamed Circle', opacity=1, ori=0.0, pos=array([0., 0.]), size=array([1., 1.]), units='pix', vertices=ndarray(...), win=Window(...), windingRule=None)
1.1858 	EXP 	window1: units = 'pix'
1.3189 	EXP 	Created unnamed Circle = Circle(__class__=<class 'psychopy.visual.circle.Circle'>, anchor=('center', 'center'), autoDraw=False, autoLog=True, closeShape=True, color=method-wrapper(...), colorSpace='rgb', contrast=None, depth=0, draggable=False, fillColor=array([-0.5,  0.5, -0.5]), fillColorSpace='rgb', fillRGB=array([-0.5,  0.5, -0.5]), interpolate=True, lineColor=array([-0.5,  0.5, -0.5]), lineColorSpace='rgb', lineRGB=array([-0.5,  0.5, -0.5]), lineWidth=1.5, name='unnamed Circle', opacity=1, ori=0.0, pos=array([0., 0.]), size=array([1., 1.]), units='pix', vertices=ndarray(...), win=Window(...), windingRule=None)
1.3361 	EXP 	window1: units = 'pix'
1.3616 	EXP 	Created unnamed Circle = Circle(__class__=<class 'psychopy.visual.circle.Circle'>, anchor=('center', 'center'), autoDraw=False, autoLog=True, closeShape=True, color=method-wrapper(...), colorSpace='rgb', contrast=None, depth=0, draggable=False, fillColor=array([-0.5,  0.5, -0.5]), fillColorSpace='rgb', fillRGB=array([-0.5,  0.5, -0.5]), interpolate=True, lineColor=array([-0.5,  0.5, -0.5]), lineColorSpace='rgb', lineRGB=array([-0.5,  0.5, -0.5]), lineWidth=1.5, name='unnamed Circle', opacity=1, ori=0.0, pos=array([0., 0.]), size=array([1., 1.]), units='pix', vertices=ndarray(...), win=Window(...), windingRule=None)
1.3807 	EXP 	window1: units = 'pix'
1.4059 	EXP 	Created unnamed Circle = Circle(__class__=<class 'psychopy.visual.circle.Circle'>, anchor=('center', 'center'), autoDraw=False, autoLog=True, closeShape=True, color=method-wrapper(...), colorSpace='rgb', contrast=None, depth=0, draggable=False, fillColor=array([-0.5,  0.5, -0.5]), fillColorSpace='rgb', fillRGB=array([-0.5,  0.5, -0.5]), interpolate=True, lineColor=array([-0.5,  0.5, -0.5]), lineColorSpace='rgb', lineRGB=array([-0.5,  0.5, -0.5]), lineWidth=1.5, name='unnamed Circle', opacity=1, ori=0.0, pos=array([0., 0.]), size=array([1., 1.]), units='pix', vertices=ndarray(...), win=Window(...), windingRule=None)
1.4240 	EXP 	window1: units = 'pix'
1.4494 	EXP 	Created unnamed Circle = Circle(__class__=<class 'psychopy.visual.circle.Circle'>, anchor=('center', 'center'), autoDraw=False, autoLog=True, closeShape=True, color=method-wrapper(...), colorSpace='rgb', contrast=None, depth=0, draggable=False, fillColor=array([-0.5,  0.5, -0.5]), fillColorSpace='rgb', fillRGB=array([-0.5,  0.5, -0.5]), interpolate=True, lineColor=array([-0.5,  0.5, -0.5]), lineColorSpace='rgb', lineRGB=array([-0.5,  0.5, -0.5]), lineWidth=1.5, name='unnamed Circle', opacity=1, ori=0.0, pos=array([0., 0.]), size=array([1., 1.]), units='pix', vertices=ndarray(...), win=Window(...), windingRule=None)
1.4687 	EXP 	window1: units = 'pix'
1.4940 	EXP 	Created unnamed Circle = Circle(__class__=<class 'psychopy.visual.circle.Circle'>, anchor=('center', 'center'), autoDraw=False, autoLog=True, closeShape=True, color=method-wrapper(...), colorSpace='rgb', contrast=None, depth=0, draggable=False, fillColor=array([-0.5,  0.5, -0.5]), fillColorSpace='rgb', fillRGB=array([-0.5,  0.5, -0.5]), interpolate=True, lineColor=array([-0.5,  0.5, -0.5]), lineColorSpace='rgb', lineRGB=array([-0.5,  0.5, -0.5]), lineWidth=1.5, name='unnamed Circle', opacity=1, ori=0.0, pos=array([0., 0.]), size=array([1., 1.]), units='pix', vertices=ndarray(...), win=Window(...), windingRule=None)
1.5128 	EXP 	window1: units = 'pix'
1.5380 	EXP 	Created unnamed Circle = Circle(__class__=<class 'psychopy.visual.circle.Circle'>, anchor=('center', 'center'), autoDraw=False, autoLog=True, closeShape=True, color=method-wrapper(...), colorSpace='rgb', contrast=None, depth=0, draggable=False, fillColor=array([-0.5,  0.5, -0.5]), fillColorSpace='rgb', fillRGB=array([-0.5,  0.5, -0.5]), interpolate=True, lineColor=array([-0.5,  0.5, -0.5]), lineColorSpace='rgb', lineRGB=array([-0.5,  0.5, -0.5]), lineWidth=1.5, name='unnamed Circle', opacity=1, ori=0.0, pos=array([0., 0.]), size=array([1., 1.]), units='pix', vertices=ndarray(...), win=Window(...), windingRule=None)
1.5569 	EXP 	window1: units = 'pix'
1.5833 	EXP 	Created unnamed Circle = Circle(__class__=<class 'psychopy.visual.circle.Circle'>, anchor=('center', 'center'), autoDraw=False, autoLog=True, closeShape=True, color=method-wrapper(...), colorSpace='rgb', contrast=None, depth=0, draggable=False, fillColor=array([-0.5,  0.5, -0.5]), fillColorSpace='rgb', fillRGB=array([-0.5,  0.5, -0.5]), interpolate=True, lineColor=array([-0.5,  0.5, -0.5]), lineColorSpace='rgb', lineRGB=array([-0.5,  0.5, -0.5]), lineWidth=1.5, name='unnamed Circle', opacity=1, ori=0.0, pos=array([0., 0.]), size=array([1., 1.]), units='pix', vertices=ndarray(...), win=Window(...), windingRule=None)
1.6024 	EXP 	window1: units = 'pix'
1.6274 	EXP 	Created unnamed Circle = Circle(__class__=<class 'psychopy.visual.circle.Circle'>, anchor=('center', 'center'), autoDraw=False, autoLog=True, closeShape=True, color=method-wrapper(...), colorSpace='rgb', contrast=None, depth=0, draggable=False, fillColor=array([-0.5,  0.5, -0.5]), fillColorSpace='rgb', fillRGB=array([-0.5,  0.5, -0.5]), interpolate=True, lineColor=array([-0.5,  0.5, -0.5]), lineColorSpace='rgb', lineRGB=array([-0.5,  0.5, -0.5]), lineWidth=1.5, name='unnamed Circle', opacity=1, ori=0.0, pos=array([0., 0.]), size=array([1., 1.]), units='pix', vertices=ndarray(...), win=Window(...), windingRule=None)
1.6462 	EXP 	window1: units = 'pix'
1.6712 	EXP 	Created unnamed Circle = Circle(__class__=<class 'psychopy.visual.circle.Circle'>, anchor=('center', 'center'), autoDraw=False, autoLog=True, closeShape=True, color=method-wrapper(...), colorSpace='rgb', contrast=None, depth=0, draggable=False, fillColor=array([-0.5,  0.5, -0.5]), fillColorSpace='rgb', fillRGB=array([-0.5,  0.5, -0.5]), interpolate=True, lineColor=array([-0.5,  0.5, -0.5]), lineColorSpace='rgb', lineRGB=array([-0.5,  0.5, -0.5]), lineWidth=1.5, name='unnamed Circle', opacity=1, ori=0.0, pos=array([0., 0.]), size=array([1., 1.]), units='pix', vertices=ndarray(...), win=Window(...), windingRule=None)
1.6900 	EXP 	window1: units = 'pix'
1.7150 	EXP 	Created unnamed Circle = Circle(__class__=<class 'psychopy.visual.circle.Circle'>, anchor=('center', 'center'), autoDraw=False, autoLog=True, closeShape=True, color=method-wrapper(...), colorSpace='rgb', contrast=None, depth=0, draggable=False, fillColor=array([-0.5,  0.5, -0.5]), fillColorSpace='rgb', fillRGB=array([-0.5,  0.5, -0.5]), interpolate=True, lineColor=array([-0.5,  0.5, -0.5]), lineColorSpace='rgb', lineRGB=array([-0.5,  0.5, -0.5]), lineWidth=1.5, name='unnamed Circle', opacity=1, ori=0.0, pos=array([0., 0.]), size=array([1., 1.]), units='pix', vertices=ndarray(...), win=Window(...), windingRule=None)
1.7337 	EXP 	window1: units = 'pix'
1.7590 	EXP 	Created unnamed Circle = Circle(__class__=<class 'psychopy.visual.circle.Circle'>, anchor=('center', 'center'), autoDraw=False, autoLog=True, closeShape=True, color=method-wrapper(...), colorSpace='rgb', contrast=None, depth=0, draggable=False, fillColor=array([-0.5,  0.5, -0.5]), fillColorSpace='rgb', fillRGB=array([-0.5,  0.5, -0.5]), interpolate=True, lineColor=array([-0.5,  0.5, -0.5]), lineColorSpace='rgb', lineRGB=array([-0.5,  0.5, -0.5]), lineWidth=1.5, name='unnamed Circle', opacity=1, ori=0.0, pos=array([0., 0.]), size=array([1., 1.]), units='pix', vertices=ndarray(...), win=Window(...), windingRule=None)
1.7774 	EXP 	window1: units = 'pix'
1.8039 	EXP 	Created unnamed Circle = Circle(__class__=<class 'psychopy.visual.circle.Circle'>, anchor=('center', 'center'), autoDraw=False, autoLog=True, closeShape=True, color=method-wrapper(...), colorSpace='rgb', contrast=None, depth=0, draggable=False, fillColor=array([-0.5,  0.5, -0.5]), fillColorSpace='rgb', fillRGB=array([-0.5,  0.5, -0.5]), interpolate=True, lineColor=array([-0.5,  0.5, -0.5]), lineColorSpace='rgb', lineRGB=array([-0.5,  0.5, -0.5]), lineWidth=1.5, name='unnamed Circle', opacity=1, ori=0.0, pos=array([0., 0.]), size=array([1., 1.]), units='pix', vertices=ndarray(...), win=Window(...), windingRule=None)
1.8235 	EXP 	window1: units = 'pix'
1.8485 	EXP 	Created unnamed Circle = Circle(__class__=<class 'psychopy.visual.circle.Circle'>, anchor=('center', 'center'), autoDraw=False, autoLog=True, closeShape=True, color=method-wrapper(...), colorSpace='rgb', contrast=None, depth=0, draggable=False, fillColor=array([-0.5,  0.5, -0.5]), fillColorSpace='rgb', fillRGB=array([-0.5,  0.5, -0.5]), interpolate=True, lineColor=array([-0.5,  0.5, -0.5]), lineColorSpace='rgb', lineRGB=array([-0.5,  0.5, -0.5]), lineWidth=1.5, name='unnamed Circle', opacity=1, ori=0.0, pos=array([0., 0.]), size=array([1., 1.]), units='pix', vertices=ndarray(...), win=Window(...), windingRule=None)
1.8675 	EXP 	window1: units = 'pix'
1.8930 	EXP 	Created unnamed Circle = Circle(__class__=<class 'psychopy.visual.circle.Circle'>, anchor=('center', 'center'), autoDraw=False, autoLog=True, closeShape=True, color=method-wrapper(...), colorSpace='rgb', contrast=None, depth=0, draggable=False, fillColor=array([-0.5,  0.5, -0.5]), fillColorSpace='rgb', fillRGB=array([-0.5,  0.5, -0.5]), interpolate=True, lineColor=array([-0.5,  0.5, -0.5]), lineColorSpace='rgb', lineRGB=array([-0.5,  0.5, -0.5]), lineWidth=1.5, name='unnamed Circle', opacity=1, ori=0.0, pos=array([0., 0.]), size=array([1., 1.]), units='pix', vertices=ndarray(...), win=Window(...), windingRule=None)
1.9115 	EXP 	window1: units = 'pix'
1.9367 	EXP 	Created unnamed Circle = Circle(__class__=<class 'psychopy.visual.circle.Circle'>, anchor=('center', 'center'), autoDraw=False, autoLog=True, closeShape=True, color=method-wrapper(...), colorSpace='rgb', contrast=None, depth=0, draggable=False, fillColor=array([-0.5,  0.5, -0.5]), fillColorSpace='rgb', fillRGB=array([-0.5,  0.5, -0.5]), interpolate=True, lineColor=array([-0.5,  0.5, -0.5]), lineColorSpace='rgb', lineRGB=array([-0.5,  0.5, -0.5]), lineWidth=1.5, name='unnamed Circle', opacity=1, ori=0.0, pos=array([0., 0.]), size=array([1., 1.]), units='pix', vertices=ndarray(...), win=Window(...), windingRule=None)
1.9555 	EXP 	window1: units = 'pix'
1.9806 	EXP 	Created unnamed Circle = Circle(__class__=<class 'psychopy.visual.circle.Circle'>, anchor=('center', 'center'), autoDraw=False, autoLog=True, closeShape=True, color=method-wrapper(...), colorSpace='rgb', contrast=None, depth=0, draggable=False, fillColor=array([-0.5,  0.5, -0.5]), fillColorSpace='rgb', fillRGB=array([-0.5,  0.5, -0.5]), interpolate=True, lineColor=array([-0.5,  0.5, -0.5]), lineColorSpace='rgb', lineRGB=array([-0.5,  0.5, -0.5]), lineWidth=1.5, name='unnamed Circle', opacity=1, ori=0.0, pos=array([0., 0.]), size=array([1., 1.]), units='pix', vertices=ndarray(...), win=Window(...), windingRule=None)
1.9989 	EXP 	window1: units = 'pix'
2.0244 	EXP 	Created unnamed Circle = Circle(__class__=<class 'psychopy.visual.circle.Circle'>, anchor=('center', 'center'), autoDraw=False, autoLog=True, closeShape=True, color=method-wrapper(...), colorSpace='rgb', contrast=None, depth=0, draggable=False, fillColor=array([-0.5,  0.5, -0.5]), fillColorSpace='rgb', fillRGB=array([-0.5,  0.5, -0.5]), interpolate=True, lineColor=array([-0.5,  0.5, -0.5]), lineColorSpace='rgb', lineRGB=array([-0.5,  0.5, -0.5]), lineWidth=1.5, name='unnamed Circle', opacity=1, ori=0.0, pos=array([0., 0.]), size=array([1., 1.]), units='pix', vertices=ndarray(...), win=Window(...), windingRule=None)
2.0435 	EXP 	window1: units = 'pix'
2.0686 	EXP 	Created unnamed Circle = Circle(__class__=<class 'psychopy.visual.circle.Circle'>, anchor=('center', 'center'), autoDraw=False, autoLog=True, closeShape=True, color=method-wrapper(...), colorSpace='rgb', contrast=None, depth=0, draggable=False, fillColor=array([-0.5,  0.5, -0.5]), fillColorSpace='rgb', fillRGB=array([-0.5,  0.5, -0.5]), interpolate=True, lineColor=array([-0.5,  0.5, -0.5]), lineColorSpace='rgb', lineRGB=array([-0.5,  0.5, -0.5]), lineWidth=1.5, name='unnamed Circle', opacity=1, ori=0.0, pos=array([0., 0.]), size=array([1., 1.]), units='pix', vertices=ndarray(...), win=Window(...), windingRule=None)
2.0873 	EXP 	window1: units = 'pix'
2.1124 	EXP 	Created unnamed Circle = Circle(__class__=<class 'psychopy.visual.circle.Circle'>, anchor=('center', 'center'), autoDraw=False, autoLog=True, closeShape=True, color=method-wrapper(...), colorSpace='rgb', contrast=None, depth=0, draggable=False, fillColor=array([-0.5,  0.5, -0.5]), fillColorSpace='rgb', fillRGB=array([-0.5,  0.5, -0.5]), interpolate=True, lineColor=array([-0.5,  0.5, -0.5]), lineColorSpace='rgb', lineRGB=array([-0.5,  0.5, -0.5]), lineWidth=1.5, name='unnamed Circle', opacity=1, ori=0.0, pos=array([0., 0.]), size=array([1., 1.]), units='pix', vertices=ndarray(...), win=Window(...), windingRule=None)
2.1321 	EXP 	window1: units = 'pix'
2.1575 	EXP 	Created unnamed Circle = Circle(__class__=<class 'psychopy.visual.circle.Circle'>, anchor=('center', 'center'), autoDraw=False, autoLog=True, closeShape=True, color=method-wrapper(...), colorSpace='rgb', contrast=None, depth=0, draggable=False, fillColor=array([-0.5,  0.5, -0.5]), fillColorSpace='rgb', fillRGB=array([-0.5,  0.5, -0.5]), interpolate=True, lineColor=array([-0.5,  0.5, -0.5]), lineColorSpace='rgb', lineRGB=array([-0.5,  0.5, -0.5]), lineWidth=1.5, name='unnamed Circle', opacity=1, ori=0.0, pos=array([0., 0.]), size=array([1., 1.]), units='pix', vertices=ndarray(...), win=Window(...), windingRule=None)
2.1763 	EXP 	window1: units = 'pix'
2.2016 	EXP 	Created unnamed Circle = Circle(__class__=<class 'psychopy.visual.circle.Circle'>, anchor=('center', 'center'), autoDraw=False, autoLog=True, closeShape=True, color=method-wrapper(...), colorSpace='rgb', contrast=None, depth=0, draggable=False, fillColor=array([-0.5,  0.5, -0.5]), fillColorSpace='rgb', fillRGB=array([-0.5,  0.5, -0.5]), interpolate=True, lineColor=array([-0.5,  0.5, -0.5]), lineColorSpace='rgb', lineRGB=array([-0.5,  0.5, -0.5]), lineWidth=1.5, name='unnamed Circle', opacity=1, ori=0.0, pos=array([0., 0.]), size=array([1., 1.]), units='pix', vertices=ndarray(...), win=Window(...), windingRule=None)
2.2212 	EXP 	window1: units = 'pix'
2.2465 	EXP 	Created unnamed Circle = Circle(__class__=<class 'psychopy.visual.circle.Circle'>, anchor=('center', 'center'), autoDraw=False, autoLog=True, closeShape=True, color=method-wrapper(...), colorSpace='rgb', contrast=None, depth=0, draggable=False, fillColor=array([-0.5,  0.5, -0.5]), fillColorSpace='rgb', fillRGB=array([-0.5,  0.5, -0.5]), interpolate=True, lineColor=array([-0.5,  0.5, -0.5]), lineColorSpace='rgb', lineRGB=array([-0.5,  0.5, -0.5]), lineWidth=1.5, name='unnamed Circle', opacity=1, ori=0.0, pos=array([0., 0.]), size=array([1., 1.]), units='pix', vertices=ndarray(...), win=Window(...), windingRule=None)
2.2657 	EXP 	window1: units = 'pix'
2.2911 	EXP 	Created unnamed Circle = Circle(__class__=<class 'psychopy.visual.circle.Circle'>, anchor=('center', 'center'), autoDraw=False, autoLog=True, closeShape=True, color=method-wrapper(...), colorSpace='rgb', contrast=None, depth=0, draggable=False, fillColor=array([-0.5,  0.5, -0.5]), fillColorSpace='rgb', fillRGB=array([-0.5,  0.5, -0.5]), interpolate=True, lineColor=array([-0.5,  0.5, -0.5]), lineColorSpace='rgb', lineRGB=array([-0.5,  0.5, -0.5]), lineWidth=1.5, name='unnamed Circle', opacity=1, ori=0.0, pos=array([0., 0.]), size=array([1., 1.]), units='pix', vertices=ndarray(...), win=Window(...), windingRule=None)
2.3101 	EXP 	window1: units = 'pix'
2.3354 	EXP 	Created unnamed Circle = Circle(__class__=<class 'psychopy.visual.circle.Circle'>, anchor=('center', 'center'), autoDraw=False, autoLog=True, closeShape=True, color=method-wrapper(...), colorSpace='rgb', contrast=None, depth=0, draggable=False, fillColor=array([-0.5,  0.5, -0.5]), fillColorSpace='rgb', fillRGB=array([-0.5,  0.5, -0.5]), interpolate=True, lineColor=array([-0.5,  0.5, -0.5]), lineColorSpace='rgb', lineRGB=array([-0.5,  0.5, -0.5]), lineWidth=1.5, name='unnamed Circle', opacity=1, ori=0.0, pos=array([0., 0.]), size=array([1., 1.]), units='pix', vertices=ndarray(...), win=Window(...), windingRule=None)
2.3530 	EXP 	window1: units = 'pix'
2.3789 	EXP 	Created unnamed Circle = Circle(__class__=<class 'psychopy.visual.circle.Circle'>, anchor=('center', 'center'), autoDraw=False, autoLog=True, closeShape=True, color=method-wrapper(...), colorSpace='rgb', contrast=None, depth=0, draggable=False, fillColor=array([-0.5,  0.5, -0.5]), fillColorSpace='rgb', fillRGB=array([-0.5,  0.5, -0.5]), interpolate=True, lineColor=array([-0.5,  0.5, -0.5]), lineColorSpace='rgb', lineRGB=array([-0.5,  0.5, -0.5]), lineWidth=1.5, name='unnamed Circle', opacity=1, ori=0.0, pos=array([0., 0.]), size=array([1., 1.]), units='pix', vertices=ndarray(...), win=Window(...), windingRule=None)
2.3984 	EXP 	window1: units = 'pix'
2.4236 	EXP 	Created unnamed Circle = Circle(__class__=<class 'psychopy.visual.circle.Circle'>, anchor=('center', 'center'), autoDraw=False, autoLog=True, closeShape=True, color=method-wrapper(...), colorSpace='rgb', contrast=None, depth=0, draggable=False, fillColor=array([-0.5,  0.5, -0.5]), fillColorSpace='rgb', fillRGB=array([-0.5,  0.5, -0.5]), interpolate=True, lineColor=array([-0.5,  0.5, -0.5]), lineColorSpace='rgb', lineRGB=array([-0.5,  0.5, -0.5]), lineWidth=1.5, name='unnamed Circle', opacity=1, ori=0.0, pos=array([0., 0.]), size=array([1., 1.]), units='pix', vertices=ndarray(...), win=Window(...), windingRule=None)
2.4416 	EXP 	window1: units = 'pix'
2.4674 	EXP 	Created unnamed Circle = Circle(__class__=<class 'psychopy.visual.circle.Circle'>, anchor=('center', 'center'), autoDraw=False, autoLog=True, closeShape=True, color=method-wrapper(...), colorSpace='rgb', contrast=None, depth=0, draggable=False, fillColor=array([-0.5,  0.5, -0.5]), fillColorSpace='rgb', fillRGB=array([-0.5,  0.5, -0.5]), interpolate=True, lineColor=array([-0.5,  0.5, -0.5]), lineColorSpace='rgb', lineRGB=array([-0.5,  0.5, -0.5]), lineWidth=1.5, name='unnamed Circle', opacity=1, ori=0.0, pos=array([0., 0.]), size=array([1., 1.]), units='pix', vertices=ndarray(...), win=Window(...), windingRule=None)
2.4865 	EXP 	window1: units = 'pix'
2.5116 	EXP 	Created unnamed Circle = Circle(__class__=<class 'psychopy.visual.circle.Circle'>, anchor=('center', 'center'), autoDraw=False, autoLog=True, closeShape=True, color=method-wrapper(...), colorSpace='rgb', contrast=None, depth=0, draggable=False, fillColor=array([-0.5,  0.5, -0.5]), fillColorSpace='rgb', fillRGB=array([-0.5,  0.5, -0.5]), interpolate=True, lineColor=array([-0.5,  0.5, -0.5]), lineColorSpace='rgb', lineRGB=array([-0.5,  0.5, -0.5]), lineWidth=1.5, name='unnamed Circle', opacity=1, ori=0.0, pos=array([0., 0.]), size=array([1., 1.]), units='pix', vertices=ndarray(...), win=Window(...), windingRule=None)
2.5307 	EXP 	window1: units = 'pix'
2.5560 	EXP 	Created unnamed Circle = Circle(__class__=<class 'psychopy.visual.circle.Circle'>, anchor=('center', 'center'), autoDraw=False, autoLog=True, closeShape=True, color=method-wrapper(...), colorSpace='rgb', contrast=None, depth=0, draggable=False, fillColor=array([-0.5,  0.5, -0.5]), fillColorSpace='rgb', fillRGB=array([-0.5,  0.5, -0.5]), interpolate=True, lineColor=array([-0.5,  0.5, -0.5]), lineColorSpace='rgb', lineRGB=array([-0.5,  0.5, -0.5]), lineWidth=1.5, name='unnamed Circle', opacity=1, ori=0.0, pos=array([0., 0.]), size=array([1., 1.]), units='pix', vertices=ndarray(...), win=Window(...), windingRule=None)
2.5743 	EXP 	window1: units = 'pix'
2.6003 	EXP 	Created unnamed Circle = Circle(__class__=<class 'psychopy.visual.circle.Circle'>, anchor=('center', 'center'), autoDraw=False, autoLog=True, closeShape=True, color=method-wrapper(...), colorSpace='rgb', contrast=None, depth=0, draggable=False, fillColor=array([-0.5,  0.5, -0.5]), fillColorSpace='rgb', fillRGB=array([-0.5,  0.5, -0.5]), interpolate=True, lineColor=array([-0.5,  0.5, -0.5]), lineColorSpace='rgb', lineRGB=array([-0.5,  0.5, -0.5]), lineWidth=1.5, name='unnamed Circle', opacity=1, ori=0.0, pos=array([0., 0.]), size=array([1., 1.]), units='pix', vertices=ndarray(...), win=Window(...), windingRule=None)
2.6198 	EXP 	window1: units = 'pix'
2.6452 	EXP 	Created unnamed Circle = Circle(__class__=<class 'psychopy.visual.circle.Circle'>, anchor=('center', 'center'), autoDraw=False, autoLog=True, closeShape=True, color=method-wrapper(...), colorSpace='rgb', contrast=None, depth=0, draggable=False, fillColor=array([-0.5,  0.5, -0.5]), fillColorSpace='rgb', fillRGB=array([-0.5,  0.5, -0.5]), interpolate=True, lineColor=array([-0.5,  0.5, -0.5]), lineColorSpace='rgb', lineRGB=array([-0.5,  0.5, -0.5]), lineWidth=1.5, name='unnamed Circle', opacity=1, ori=0.0, pos=array([0., 0.]), size=array([1., 1.]), units='pix', vertices=ndarray(...), win=Window(...), windingRule=None)
2.6643 	EXP 	window1: units = 'pix'
2.6897 	EXP 	Created unnamed Circle = Circle(__class__=<class 'psychopy.visual.circle.Circle'>, anchor=('center', 'center'), autoDraw=False, autoLog=True, closeShape=True, color=method-wrapper(...), colorSpace='rgb', contrast=None, depth=0, draggable=False, fillColor=array([-0.5,  0.5, -0.5]), fillColorSpace='rgb', fillRGB=array([-0.5,  0.5, -0.5]), interpolate=True, lineColor=array([-0.5,  0.5, -0.5]), lineColorSpace='rgb', lineRGB=array([-0.5,  0.5, -0.5]), lineWidth=1.5, name='unnamed Circle', opacity=1, ori=0.0, pos=array([0., 0.]), size=array([1., 1.]), units='pix', vertices=ndarray(...), win=Window(...), windingRule=None)
2.7088 	EXP 	window1: units = 'pix'
2.7338 	EXP 	Created unnamed Circle = Circle(__class__=<class 'psychopy.visual.circle.Circle'>, anchor=('center', 'center'), autoDraw=False, autoLog=True, closeShape=True, color=method-wrapper(...), colorSpace='rgb', contrast=None, depth=0, draggable=False, fillColor=array([-0.5,  0.5, -0.5]), fillColorSpace='rgb', fillRGB=array([-0.5,  0.5, -0.5]), interpolate=True, lineColor=array([-0.5,  0.5, -0.5]), lineColorSpace='rgb', lineRGB=array([-0.5,  0.5, -0.5]), lineWidth=1.5, name='unnamed Circle', opacity=1, ori=0.0, pos=array([0., 0.]), size=array([1., 1.]), units='pix', vertices=ndarray(...), win=Window(...), windingRule=None)
2.7530 	EXP 	window1: units = 'pix'
2.7782 	EXP 	Created unnamed Circle = Circle(__class__=<class 'psychopy.visual.circle.Circle'>, anchor=('center', 'center'), autoDraw=False, autoLog=True, closeShape=True, color=method-wrapper(...), colorSpace='rgb', contrast=None, depth=0, draggable=False, fillColor=array([-0.5,  0.5, -0.5]), fillColorSpace='rgb', fillRGB=array([-0.5,  0.5, -0.5]), interpolate=True, lineColor=array([-0.5,  0.5, -0.5]), lineColorSpace='rgb', lineRGB=array([-0.5,  0.5, -0.5]), lineWidth=1.5, name='unnamed Circle', opacity=1, ori=0.0, pos=array([0., 0.]), size=array([1., 1.]), units='pix', vertices=ndarray(...), win=Window(...), windingRule=None)
2.7964 	EXP 	window1: units = 'pix'
2.8235 	EXP 	Created unnamed Circle = Circle(__class__=<class 'psychopy.visual.circle.Circle'>, anchor=('center', 'center'), autoDraw=False, autoLog=True, closeShape=True, color=method-wrapper(...), colorSpace='rgb', contrast=None, depth=0, draggable=False, fillColor=array([-0.5,  0.5, -0.5]), fillColorSpace='rgb', fillRGB=array([-0.5,  0.5, -0.5]), interpolate=True, lineColor=array([-0.5,  0.5, -0.5]), lineColorSpace='rgb', lineRGB=array([-0.5,  0.5, -0.5]), lineWidth=1.5, name='unnamed Circle', opacity=1, ori=0.0, pos=array([0., 0.]), size=array([1., 1.]), units='pix', vertices=ndarray(...), win=Window(...), windingRule=None)
2.8425 	EXP 	window1: units = 'pix'
2.8676 	EXP 	Created unnamed Circle = Circle(__class__=<class 'psychopy.visual.circle.Circle'>, anchor=('center', 'center'), autoDraw=False, autoLog=True, closeShape=True, color=method-wrapper(...), colorSpace='rgb', contrast=None, depth=0, draggable=False, fillColor=array([-0.5,  0.5, -0.5]), fillColorSpace='rgb', fillRGB=array([-0.5,  0.5, -0.5]), interpolate=True, lineColor=array([-0.5,  0.5, -0.5]), lineColorSpace='rgb', lineRGB=array([-0.5,  0.5, -0.5]), lineWidth=1.5, name='unnamed Circle', opacity=1, ori=0.0, pos=array([0., 0.]), size=array([1., 1.]), units='pix', vertices=ndarray(...), win=Window(...), windingRule=None)
2.8862 	EXP 	window1: units = 'pix'
2.9114 	EXP 	Created unnamed Circle = Circle(__class__=<class 'psychopy.visual.circle.Circle'>, anchor=('center', 'center'), autoDraw=False, autoLog=True, closeShape=True, color=method-wrapper(...), colorSpace='rgb', contrast=None, depth=0, draggable=False, fillColor=array([-0.5,  0.5, -0.5]), fillColorSpace='rgb', fillRGB=array([-0.5,  0.5, -0.5]), interpolate=True, lineColor=array([-0.5,  0.5, -0.5]), lineColorSpace='rgb', lineRGB=array([-0.5,  0.5, -0.5]), lineWidth=1.5, name='unnamed Circle', opacity=1, ori=0.0, pos=array([0., 0.]), size=array([1., 1.]), units='pix', vertices=ndarray(...), win=Window(...), windingRule=None)
2.9293 	EXP 	window1: units = 'pix'
2.9551 	EXP 	Created unnamed Circle = Circle(__class__=<class 'psychopy.visual.circle.Circle'>, anchor=('center', 'center'), autoDraw=False, autoLog=True, closeShape=True, color=method-wrapper(...), colorSpace='rgb', contrast=None, depth=0, draggable=False, fillColor=array([-0.5,  0.5, -0.5]), fillColorSpace='rgb', fillRGB=array([-0.5,  0.5, -0.5]), interpolate=True, lineColor=array([-0.5,  0.5, -0.5]), lineColorSpace='rgb', lineRGB=array([-0.5,  0.5, -0.5]), lineWidth=1.5, name='unnamed Circle', opacity=1, ori=0.0, pos=array([0., 0.]), size=array([1., 1.]), units='pix', vertices=ndarray(...), win=Window(...), windingRule=None)
2.9741 	EXP 	window1: units = 'pix'
2.9995 	EXP 	Created unnamed Circle = Circle(__class__=<class 'psychopy.visual.circle.Circle'>, anchor=('center', 'center'), autoDraw=False, autoLog=True, closeShape=True, color=method-wrapper(...), colorSpace='rgb', contrast=None, depth=0, draggable=False, fillColor=array([-0.5,  0.5, -0.5]), fillColorSpace='rgb', fillRGB=array([-0.5,  0.5, -0.5]), interpolate=True, lineColor=array([-0.5,  0.5, -0.5]), lineColorSpace='rgb', lineRGB=array([-0.5,  0.5, -0.5]), lineWidth=1.5, name='unnamed Circle', opacity=1, ori=0.0, pos=array([0., 0.]), size=array([1., 1.]), units='pix', vertices=ndarray(...), win=Window(...), windingRule=None)
3.0182 	EXP 	window1: units = 'pix'
3.0440 	EXP 	Created unnamed Circle = Circle(__class__=<class 'psychopy.visual.circle.Circle'>, anchor=('center', 'center'), autoDraw=False, autoLog=True, closeShape=True, color=method-wrapper(...), colorSpace='rgb', contrast=None, depth=0, draggable=False, fillColor=array([-0.5,  0.5, -0.5]), fillColorSpace='rgb', fillRGB=array([-0.5,  0.5, -0.5]), interpolate=True, lineColor=array([-0.5,  0.5, -0.5]), lineColorSpace='rgb', lineRGB=array([-0.5,  0.5, -0.5]), lineWidth=1.5, name='unnamed Circle', opacity=1, ori=0.0, pos=array([0., 0.]), size=array([1., 1.]), units='pix', vertices=ndarray(...), win=Window(...), windingRule=None)
3.0631 	EXP 	window1: units = 'pix'
3.0881 	EXP 	Created unnamed Circle = Circle(__class__=<class 'psychopy.visual.circle.Circle'>, anchor=('center', 'center'), autoDraw=False, autoLog=True, closeShape=True, color=method-wrapper(...), colorSpace='rgb', contrast=None, depth=0, draggable=False, fillColor=array([-0.5,  0.5, -0.5]), fillColorSpace='rgb', fillRGB=array([-0.5,  0.5, -0.5]), interpolate=True, lineColor=array([-0.5,  0.5, -0.5]), lineColorSpace='rgb', lineRGB=array([-0.5,  0.5, -0.5]), lineWidth=1.5, name='unnamed Circle', opacity=1, ori=0.0, pos=array([0., 0.]), size=array([1., 1.]), units='pix', vertices=ndarray(...), win=Window(...), windingRule=None)
3.1077 	EXP 	window1: units = 'pix'
3.1333 	EXP 	Created unnamed Circle = Circle(__class__=<class 'psychopy.visual.circle.Circle'>, anchor=('center', 'center'), autoDraw=False, autoLog=True, closeShape=True, color=method-wrapper(...), colorSpace='rgb', contrast=None, depth=0, draggable=False, fillColor=array([-0.5,  0.5, -0.5]), fillColorSpace='rgb', fillRGB=array([-0.5,  0.5, -0.5]), interpolate=True, lineColor=array([-0.5,  0.5, -0.5]), lineColorSpace='rgb', lineRGB=array([-0.5,  0.5, -0.5]), lineWidth=1.5, name='unnamed Circle', opacity=1, ori=0.0, pos=array([0., 0.]), size=array([1., 1.]), units='pix', vertices=ndarray(...), win=Window(...), windingRule=None)
3.1512 	EXP 	window1: units = 'pix'
3.1774 	EXP 	Created unnamed Circle = Circle(__class__=<class 'psychopy.visual.circle.Circle'>, anchor=('center', 'center'), autoDraw=False, autoLog=True, closeShape=True, color=method-wrapper(...), colorSpace='rgb', contrast=None, depth=0, draggable=False, fillColor=array([-0.5,  0.5, -0.5]), fillColorSpace='rgb', fillRGB=array([-0.5,  0.5, -0.5]), interpolate=True, lineColor=array([-0.5,  0.5, -0.5]), lineColorSpace='rgb', lineRGB=array([-0.5,  0.5, -0.5]), lineWidth=1.5, name='unnamed Circle', opacity=1, ori=0.0, pos=array([0., 0.]), size=array([1., 1.]), units='pix', vertices=ndarray(...), win=Window(...), windingRule=None)
3.1963 	EXP 	window1: units = 'pix'
3.2214 	EXP 	Created unnamed Circle = Circle(__class__=<class 'psychopy.visual.circle.Circle'>, anchor=('center', 'center'), autoDraw=False, autoLog=True, closeShape=True, color=method-wrapper(...), colorSpace='rgb', contrast=None, depth=0, draggable=False, fillColor=array([-0.5,  0.5, -0.5]), fillColorSpace='rgb', fillRGB=array([-0.5,  0.5, -0.5]), interpolate=True, lineColor=array([-0.5,  0.5, -0.5]), lineColorSpace='rgb', lineRGB=array([-0.5,  0.5, -0.5]), lineWidth=1.5, name='unnamed Circle', opacity=1, ori=0.0, pos=array([0., 0.]), size=array([1., 1.]), units='pix', vertices=ndarray(...), win=Window(...), windingRule=None)
3.2401 	EXP 	window1: units = 'pix'
3.2655 	EXP 	Created unnamed Circle = Circle(__class__=<class 'psychopy.visual.circle.Circle'>, anchor=('center', 'center'), autoDraw=False, autoLog=True, closeShape=True, color=method-wrapper(...), colorSpace='rgb', contrast=None, depth=0, draggable=False, fillColor=array([-0.5,  0.5, -0.5]), fillColorSpace='rgb', fillRGB=array([-0.5,  0.5, -0.5]), interpolate=True, lineColor=array([-0.5,  0.5, -0.5]), lineColorSpace='rgb', lineRGB=array([-0.5,  0.5, -0.5]), lineWidth=1.5, name='unnamed Circle', opacity=1, ori=0.0, pos=array([0., 0.]), size=array([1., 1.]), units='pix', vertices=ndarray(...), win=Window(...), windingRule=None)
3.2847 	EXP 	window1: units = 'pix'
3.3098 	EXP 	Created unnamed Circle = Circle(__class__=<class 'psychopy.visual.circle.Circle'>, anchor=('center', 'center'), autoDraw=False, autoLog=True, closeShape=True, color=method-wrapper(...), colorSpace='rgb', contrast=None, depth=0, draggable=False, fillColor=array([-0.5,  0.5, -0.5]), fillColorSpace='rgb', fillRGB=array([-0.5,  0.5, -0.5]), interpolate=True, lineColor=array([-0.5,  0.5, -0.5]), lineColorSpace='rgb', lineRGB=array([-0.5,  0.5, -0.5]), lineWidth=1.5, name='unnamed Circle', opacity=1, ori=0.0, pos=array([0., 0.]), size=array([1., 1.]), units='pix', vertices=ndarray(...), win=Window(...), windingRule=None)
3.3288 	EXP 	window1: units = 'pix'
3.3542 	EXP 	Created unnamed Circle = Circle(__class__=<class 'psychopy.visual.circle.Circle'>, anchor=('center', 'center'), autoDraw=False, autoLog=True, closeShape=True, color=method-wrapper(...), colorSpace='rgb', contrast=None, depth=0, draggable=False, fillColor=array([-0.5,  0.5, -0.5]), fillColorSpace='rgb', fillRGB=array([-0.5,  0.5, -0.5]), interpolate=True, lineColor=array([-0.5,  0.5, -0.5]), lineColorSpace='rgb', lineRGB=array([-0.5,  0.5, -0.5]), lineWidth=1.5, name='unnamed Circle', opacity=1, ori=0.0, pos=array([0., 0.]), size=array([1., 1.]), units='pix', vertices=ndarray(...), win=Window(...), windingRule=None)
3.3722 	EXP 	window1: units = 'pix'
3.3978 	EXP 	Created unnamed Circle = Circle(__class__=<class 'psychopy.visual.circle.Circle'>, anchor=('center', 'center'), autoDraw=False, autoLog=True, closeShape=True, color=method-wrapper(...), colorSpace='rgb', contrast=None, depth=0, draggable=False, fillColor=array([-0.5,  0.5, -0.5]), fillColorSpace='rgb', fillRGB=array([-0.5,  0.5, -0.5]), interpolate=True, lineColor=array([-0.5,  0.5, -0.5]), lineColorSpace='rgb', lineRGB=array([-0.5,  0.5, -0.5]), lineWidth=1.5, name='unnamed Circle', opacity=1, ori=0.0, pos=array([0., 0.]), size=array([1., 1.]), units='pix', vertices=ndarray(...), win=Window(...), windingRule=None)
3.4169 	EXP 	window1: units = 'pix'
3.4420 	EXP 	Created unnamed Circle = Circle(__class__=<class 'psychopy.visual.circle.Circle'>, anchor=('center', 'center'), autoDraw=False, autoLog=True, closeShape=True, color=method-wrapper(...), colorSpace='rgb', contrast=None, depth=0, draggable=False, fillColor=array([-0.5,  0.5, -0.5]), fillColorSpace='rgb', fillRGB=array([-0.5,  0.5, -0.5]), interpolate=True, lineColor=array([-0.5,  0.5, -0.5]), lineColorSpace='rgb', lineRGB=array([-0.5,  0.5, -0.5]), lineWidth=1.5, name='unnamed Circle', opacity=1, ori=0.0, pos=array([0., 0.]), size=array([1., 1.]), units='pix', vertices=ndarray(...), win=Window(...), windingRule=None)
3.4614 	EXP 	window1: units = 'pix'
3.4869 	EXP 	Created unnamed Circle = Circle(__class__=<class 'psychopy.visual.circle.Circle'>, anchor=('center', 'center'), autoDraw=False, autoLog=True, closeShape=True, color=method-wrapper(...), colorSpace='rgb', contrast=None, depth=0, draggable=False, fillColor=array([-0.5,  0.5, -0.5]), fillColorSpace='rgb', fillRGB=array([-0.5,  0.5, -0.5]), interpolate=True, lineColor=array([-0.5,  0.5, -0.5]), lineColorSpace='rgb', lineRGB=array([-0.5,  0.5, -0.5]), lineWidth=1.5, name='unnamed Circle', opacity=1, ori=0.0, pos=array([0., 0.]), size=array([1., 1.]), units='pix', vertices=ndarray(...), win=Window(...), windingRule=None)
3.5060 	EXP 	window1: units = 'pix'
3.5320 	EXP 	Created unnamed Circle = Circle(__class__=<class 'psychopy.visual.circle.Circle'>, anchor=('center', 'center'), autoDraw=False, autoLog=True, closeShape=True, color=method-wrapper(...), colorSpace='rgb', contrast=None, depth=0, draggable=False, fillColor=array([-0.5,  0.5, -0.5]), fillColorSpace='rgb', fillRGB=array([-0.5,  0.5, -0.5]), interpolate=True, lineColor=array([-0.5,  0.5, -0.5]), lineColorSpace='rgb', lineRGB=array([-0.5,  0.5, -0.5]), lineWidth=1.5, name='unnamed Circle', opacity=1, ori=0.0, pos=array([0., 0.]), size=array([1., 1.]), units='pix', vertices=ndarray(...), win=Window(...), windingRule=None)
3.5451 	EXP 	Device response: <KeyPress from None: t=3.5232254000147805, value=j, duration=None>
3.5550 	DATA 	Keypress: j
3.5731 	EXP 	turtles_categorization: status = STOPPED
3.5783 	INFO 	saved data to '/Users/seanconway/Research/Categorization_stochastic/experiments/turtles_task_switching/data/pilot_turtles_categorization_2025-12-19_13h46.15.025.csv'
3.5788 	INFO 	saved data to /Users/seanconway/Research/Categorization_stochastic/experiments/turtles_task_switching/data/pilot_turtles_categorization_2025-12-19_13h46.15.025.psydat
3.8086 	DEBUG 	Saving data for turtles_categorization ExperimentHandler
